mode: set
github.com/auth-platform/platform/resilience-service/internal/grpc/errors.go:24.35,25.16 1 0
github.com/auth-platform/platform/resilience-service/internal/grpc/errors.go:25.16,27.3 1 0
github.com/auth-platform/platform/resilience-service/internal/grpc/errors.go:29.2,30.29 2 0
github.com/auth-platform/platform/resilience-service/internal/grpc/errors.go:30.29,32.10 2 0
github.com/auth-platform/platform/resilience-service/internal/grpc/errors.go:32.10,34.4 1 0
github.com/auth-platform/platform/resilience-service/internal/grpc/errors.go:36.3,39.55 2 0
github.com/auth-platform/platform/resilience-service/internal/grpc/errors.go:39.56,42.4 0 0
github.com/auth-platform/platform/resilience-service/internal/grpc/errors.go:44.3,44.18 1 0
github.com/auth-platform/platform/resilience-service/internal/grpc/errors.go:48.2,48.50 1 0
github.com/auth-platform/platform/resilience-service/internal/grpc/errors.go:52.51,53.44 1 0
github.com/auth-platform/platform/resilience-service/internal/grpc/errors.go:53.44,55.3 1 0
github.com/auth-platform/platform/resilience-service/internal/grpc/errors.go:56.2,56.23 1 0
github.com/auth-platform/platform/resilience-service/internal/grpc/errors.go:60.53,61.49 1 0
github.com/auth-platform/platform/resilience-service/internal/grpc/errors.go:61.49,62.23 1 0
github.com/auth-platform/platform/resilience-service/internal/grpc/errors.go:62.23,64.4 1 0
github.com/auth-platform/platform/resilience-service/internal/grpc/errors.go:66.2,66.37 1 0
github.com/auth-platform/platform/resilience-service/internal/bulkhead/bulkhead.go:42.32,53.2 1 0
github.com/auth-platform/platform/resilience-service/internal/bulkhead/bulkhead.go:56.55,58.9 1 0
github.com/auth-platform/platform/resilience-service/internal/bulkhead/bulkhead.go:59.33,61.13 2 0
github.com/auth-platform/platform/resilience-service/internal/bulkhead/bulkhead.go:62.10,62.10 0 0
github.com/auth-platform/platform/resilience-service/internal/bulkhead/bulkhead.go:66.2,66.9 1 0
github.com/auth-platform/platform/resilience-service/internal/bulkhead/bulkhead.go:67.29,68.37 1 0
github.com/auth-platform/platform/resilience-service/internal/bulkhead/bulkhead.go:69.10,73.45 3 0
github.com/auth-platform/platform/resilience-service/internal/bulkhead/bulkhead.go:77.2,77.15 1 0
github.com/auth-platform/platform/resilience-service/internal/bulkhead/bulkhead.go:77.15,80.3 2 0
github.com/auth-platform/platform/resilience-service/internal/bulkhead/bulkhead.go:83.2,85.24 3 0
github.com/auth-platform/platform/resilience-service/internal/bulkhead/bulkhead.go:85.24,88.3 2 0
github.com/auth-platform/platform/resilience-service/internal/bulkhead/bulkhead.go:90.2,90.9 1 0
github.com/auth-platform/platform/resilience-service/internal/bulkhead/bulkhead.go:91.33,93.13 2 0
github.com/auth-platform/platform/resilience-service/internal/bulkhead/bulkhead.go:94.24,97.45 3 0
github.com/auth-platform/platform/resilience-service/internal/bulkhead/bulkhead.go:102.30,103.9 1 0
github.com/auth-platform/platform/resilience-service/internal/bulkhead/bulkhead.go:104.21,105.38 1 0
github.com/auth-platform/platform/resilience-service/internal/bulkhead/bulkhead.go:106.10,106.10 0 0
github.com/auth-platform/platform/resilience-service/internal/bulkhead/bulkhead.go:112.56,118.2 1 0
github.com/auth-platform/platform/resilience-service/internal/bulkhead/bulkhead.go:121.41,139.2 3 0
github.com/auth-platform/platform/resilience-service/internal/bulkhead/bulkhead.go:150.82,156.2 1 0
github.com/auth-platform/platform/resilience-service/internal/bulkhead/bulkhead.go:159.65,161.42 2 0
github.com/auth-platform/platform/resilience-service/internal/bulkhead/bulkhead.go:161.42,164.3 2 0
github.com/auth-platform/platform/resilience-service/internal/bulkhead/bulkhead.go:165.2,172.42 4 0
github.com/auth-platform/platform/resilience-service/internal/bulkhead/bulkhead.go:172.42,174.3 1 0
github.com/auth-platform/platform/resilience-service/internal/bulkhead/bulkhead.go:176.2,185.10 3 0
github.com/auth-platform/platform/resilience-service/internal/bulkhead/bulkhead.go:189.69,194.36 4 0
github.com/auth-platform/platform/resilience-service/internal/bulkhead/bulkhead.go:194.36,196.3 1 0
github.com/auth-platform/platform/resilience-service/internal/bulkhead/bulkhead.go:197.2,197.15 1 0
github.com/auth-platform/platform/resilience-service/internal/bulkhead/bulkhead.go:201.74,202.63 1 0
github.com/auth-platform/platform/resilience-service/internal/bulkhead/bulkhead.go:202.63,205.37 3 0
github.com/auth-platform/platform/resilience-service/internal/bulkhead/bulkhead.go:205.37,206.36 1 0
github.com/auth-platform/platform/resilience-service/internal/bulkhead/bulkhead.go:206.36,208.5 1 0
github.com/auth-platform/platform/resilience-service/internal/domain/bulkhead.go:16.43,17.26 1 0
github.com/auth-platform/platform/resilience-service/internal/domain/bulkhead.go:17.26,19.3 1 0
github.com/auth-platform/platform/resilience-service/internal/domain/bulkhead.go:20.2,20.20 1 0
github.com/auth-platform/platform/resilience-service/internal/domain/bulkhead.go:20.20,22.3 1 0
github.com/auth-platform/platform/resilience-service/internal/domain/bulkhead.go:23.2,23.12 1 0
github.com/auth-platform/platform/resilience-service/internal/domain/circuit_breaker.go:17.39,18.11 1 0
github.com/auth-platform/platform/resilience-service/internal/domain/circuit_breaker.go:19.19,20.18 1 0
github.com/auth-platform/platform/resilience-service/internal/domain/circuit_breaker.go:21.17,22.16 1 0
github.com/auth-platform/platform/resilience-service/internal/domain/circuit_breaker.go:23.21,24.21 1 0
github.com/auth-platform/platform/resilience-service/internal/domain/circuit_breaker.go:25.10,26.19 1 0
github.com/auth-platform/platform/resilience-service/internal/domain/circuit_breaker.go:39.49,40.29 1 0
github.com/auth-platform/platform/resilience-service/internal/domain/circuit_breaker.go:40.29,42.3 1 0
github.com/auth-platform/platform/resilience-service/internal/domain/circuit_breaker.go:43.2,43.29 1 0
github.com/auth-platform/platform/resilience-service/internal/domain/circuit_breaker.go:43.29,45.3 1 0
github.com/auth-platform/platform/resilience-service/internal/domain/circuit_breaker.go:46.2,46.20 1 0
github.com/auth-platform/platform/resilience-service/internal/domain/circuit_breaker.go:46.20,48.3 1 0
github.com/auth-platform/platform/resilience-service/internal/domain/circuit_breaker.go:49.2,49.12 1 0
github.com/auth-platform/platform/resilience-service/internal/domain/correlation.go:7.38,9.2 1 0
github.com/auth-platform/platform/resilience-service/internal/domain/correlation.go:12.64,13.15 1 0
github.com/auth-platform/platform/resilience-service/internal/domain/correlation.go:13.15,15.3 1 0
github.com/auth-platform/platform/resilience-service/internal/domain/correlation.go:16.2,16.11 1 0
github.com/auth-platform/platform/resilience-service/internal/domain/errors.go:32.42,33.21 1 0
github.com/auth-platform/platform/resilience-service/internal/domain/errors.go:33.21,35.3 1 0
github.com/auth-platform/platform/resilience-service/internal/domain/errors.go:36.2,36.50 1 0
github.com/auth-platform/platform/resilience-service/internal/domain/errors.go:39.42,41.2 1 0
github.com/auth-platform/platform/resilience-service/internal/domain/errors.go:44.59,50.2 1 0
github.com/auth-platform/platform/resilience-service/internal/domain/errors.go:53.83,60.2 1 0
github.com/auth-platform/platform/resilience-service/internal/domain/errors.go:63.78,72.2 1 0
github.com/auth-platform/platform/resilience-service/internal/domain/errors.go:75.62,81.2 1 0
github.com/auth-platform/platform/resilience-service/internal/domain/errors.go:84.89,94.2 1 0
github.com/auth-platform/platform/resilience-service/internal/domain/errors.go:97.61,102.2 1 0
github.com/auth-platform/platform/resilience-service/internal/domain/events.go:55.61,56.20 1 0
github.com/auth-platform/platform/resilience-service/internal/domain/events.go:56.20,58.3 1 0
github.com/auth-platform/platform/resilience-service/internal/domain/events.go:59.2,59.21 1 0
github.com/auth-platform/platform/resilience-service/internal/domain/events.go:63.61,64.20 1 0
github.com/auth-platform/platform/resilience-service/internal/domain/events.go:64.20,66.3 1 0
github.com/auth-platform/platform/resilience-service/internal/domain/events.go:67.2,67.26 1 0
github.com/auth-platform/platform/resilience-service/internal/domain/id.go:12.31,17.2 4 0
github.com/auth-platform/platform/resilience-service/internal/domain/ratelimit.go:25.44,26.18 1 0
github.com/auth-platform/platform/resilience-service/internal/domain/ratelimit.go:26.18,28.3 1 0
github.com/auth-platform/platform/resilience-service/internal/domain/ratelimit.go:29.2,29.19 1 0
github.com/auth-platform/platform/resilience-service/internal/domain/ratelimit.go:29.19,31.3 1 0
github.com/auth-platform/platform/resilience-service/internal/domain/ratelimit.go:32.2,32.12 1 0
github.com/auth-platform/platform/resilience-service/internal/domain/retry.go:19.40,20.24 1 0
github.com/auth-platform/platform/resilience-service/internal/domain/retry.go:20.24,22.3 1 0
github.com/auth-platform/platform/resilience-service/internal/domain/retry.go:23.2,23.22 1 0
github.com/auth-platform/platform/resilience-service/internal/domain/retry.go:23.22,25.3 1 0
github.com/auth-platform/platform/resilience-service/internal/domain/retry.go:26.2,26.21 1 0
github.com/auth-platform/platform/resilience-service/internal/domain/retry.go:26.21,28.3 1 0
github.com/auth-platform/platform/resilience-service/internal/domain/retry.go:29.2,29.24 1 0
github.com/auth-platform/platform/resilience-service/internal/domain/retry.go:29.24,31.3 1 0
github.com/auth-platform/platform/resilience-service/internal/domain/retry.go:32.2,32.48 1 0
github.com/auth-platform/platform/resilience-service/internal/domain/retry.go:32.48,34.3 1 0
github.com/auth-platform/platform/resilience-service/internal/domain/retry.go:35.2,35.12 1 0
github.com/auth-platform/platform/resilience-service/internal/domain/serialization.go:9.38,11.2 1 0
github.com/auth-platform/platform/resilience-service/internal/domain/serialization.go:14.49,16.2 1 0
github.com/auth-platform/platform/resilience-service/internal/domain/timeout.go:16.42,17.20 1 0
github.com/auth-platform/platform/resilience-service/internal/domain/timeout.go:17.20,19.3 1 0
github.com/auth-platform/platform/resilience-service/internal/domain/timeout.go:20.2,20.12 1 0
github.com/auth-platform/platform/resilience-service/internal/health/aggregator.go:35.44,41.2 1 0
github.com/auth-platform/platform/resilience-service/internal/health/aggregator.go:44.97,51.38 5 0
github.com/auth-platform/platform/resilience-service/internal/health/aggregator.go:51.38,61.3 2 0
github.com/auth-platform/platform/resilience-service/internal/health/aggregator.go:63.2,67.8 1 0
github.com/auth-platform/platform/resilience-service/internal/health/aggregator.go:71.87,82.2 4 0
github.com/auth-platform/platform/resilience-service/internal/health/aggregator.go:85.59,91.2 4 0
github.com/auth-platform/platform/resilience-service/internal/health/aggregator.go:94.92,99.9 4 0
github.com/auth-platform/platform/resilience-service/internal/health/aggregator.go:99.9,103.3 2 0
github.com/auth-platform/platform/resilience-service/internal/health/aggregator.go:105.2,111.30 5 0
github.com/auth-platform/platform/resilience-service/internal/health/aggregator.go:111.30,113.3 1 0
github.com/auth-platform/platform/resilience-service/internal/health/aggregator.go:117.52,120.31 3 0
github.com/auth-platform/platform/resilience-service/internal/health/aggregator.go:120.31,122.3 1 0
github.com/auth-platform/platform/resilience-service/internal/health/aggregator.go:123.2,125.29 2 0
github.com/auth-platform/platform/resilience-service/internal/health/aggregator.go:125.29,127.3 1 0
github.com/auth-platform/platform/resilience-service/internal/health/aggregator.go:131.69,134.33 3 0
github.com/auth-platform/platform/resilience-service/internal/health/aggregator.go:134.33,137.3 2 0
github.com/auth-platform/platform/resilience-service/internal/health/aggregator.go:138.2,142.16 4 0
github.com/auth-platform/platform/resilience-service/internal/health/aggregator.go:142.16,145.3 2 0
github.com/auth-platform/platform/resilience-service/internal/health/aggregator.go:147.2,147.39 1 0
github.com/auth-platform/platform/resilience-service/internal/health/aggregator.go:151.104,166.2 2 0
github.com/auth-platform/platform/resilience-service/internal/health/aggregator.go:169.76,177.51 2 0
github.com/auth-platform/platform/resilience-service/internal/health/aggregator.go:177.51,179.3 1 0
github.com/auth-platform/platform/resilience-service/internal/health/aggregator.go:180.2,180.16 1 0
github.com/auth-platform/platform/resilience-service/internal/health/aggregator.go:184.76,187.34 2 0
github.com/auth-platform/platform/resilience-service/internal/health/aggregator.go:187.34,189.3 1 0
github.com/auth-platform/platform/resilience-service/internal/health/aggregator.go:191.2,191.15 1 0
github.com/auth-platform/platform/resilience-service/internal/health/aggregator.go:195.64,196.53 1 0
github.com/auth-platform/platform/resilience-service/internal/health/aggregator.go:196.53,199.39 3 0
github.com/auth-platform/platform/resilience-service/internal/health/aggregator.go:199.39,206.18 2 0
github.com/auth-platform/platform/resilience-service/internal/health/aggregator.go:206.18,208.5 1 0
github.com/auth-platform/platform/resilience-service/internal/config/config.go:63.33,118.2 1 0
github.com/auth-platform/platform/resilience-service/internal/infra/audit/logger.go:18.45,22.2 1 0
github.com/auth-platform/platform/resilience-service/internal/infra/audit/logger.go:25.47,27.20 1 0
github.com/auth-platform/platform/resilience-service/internal/infra/audit/logger.go:27.20,29.3 1 0
github.com/auth-platform/platform/resilience-service/internal/infra/audit/logger.go:30.2,30.30 1 0
github.com/auth-platform/platform/resilience-service/internal/infra/audit/logger.go:30.30,32.3 1 0
github.com/auth-platform/platform/resilience-service/internal/infra/audit/logger.go:34.2,44.3 1 0
github.com/auth-platform/platform/resilience-service/internal/infra/audit/logger.go:48.57,50.20 1 0
github.com/auth-platform/platform/resilience-service/internal/infra/audit/logger.go:50.20,52.3 1 0
github.com/auth-platform/platform/resilience-service/internal/infra/audit/logger.go:53.2,53.30 1 0
github.com/auth-platform/platform/resilience-service/internal/infra/audit/logger.go:53.30,55.3 1 0
github.com/auth-platform/platform/resilience-service/internal/infra/audit/logger.go:57.2,58.16 2 0
github.com/auth-platform/platform/resilience-service/internal/infra/audit/logger.go:58.16,60.3 1 0
github.com/auth-platform/platform/resilience-service/internal/infra/audit/logger.go:62.2,63.12 2 0
github.com/auth-platform/platform/resilience-service/internal/infra/audit/logger.go:67.54,70.20 2 0
github.com/auth-platform/platform/resilience-service/internal/infra/audit/logger.go:70.20,72.3 1 0
github.com/auth-platform/platform/resilience-service/internal/infra/audit/logger.go:73.2,73.22 1 0
github.com/auth-platform/platform/resilience-service/internal/infra/audit/logger.go:73.22,75.3 1 0
github.com/auth-platform/platform/resilience-service/internal/infra/audit/logger.go:76.2,76.30 1 0
github.com/auth-platform/platform/resilience-service/internal/infra/audit/logger.go:76.30,78.3 1 0
github.com/auth-platform/platform/resilience-service/internal/infra/audit/logger.go:79.2,79.31 1 0
github.com/auth-platform/platform/resilience-service/internal/infra/audit/logger.go:79.31,81.3 1 0
github.com/auth-platform/platform/resilience-service/internal/infra/audit/logger.go:83.2,83.16 1 0
github.com/auth-platform/platform/resilience-service/internal/infra/audit/logger.go:87.54,92.2 1 0
github.com/auth-platform/platform/resilience-service/internal/infra/audit/logger.go:95.31,97.2 1 0
github.com/auth-platform/platform/resilience-service/internal/circuitbreaker/breaker.go:37.31,46.2 1 0
github.com/auth-platform/platform/resilience-service/internal/circuitbreaker/breaker.go:49.78,50.23 1 0
github.com/auth-platform/platform/resilience-service/internal/circuitbreaker/breaker.go:50.23,52.3 1 0
github.com/auth-platform/platform/resilience-service/internal/circuitbreaker/breaker.go:54.2,55.16 2 0
github.com/auth-platform/platform/resilience-service/internal/circuitbreaker/breaker.go:55.16,58.3 2 0
github.com/auth-platform/platform/resilience-service/internal/circuitbreaker/breaker.go:60.2,61.12 2 0
github.com/auth-platform/platform/resilience-service/internal/circuitbreaker/breaker.go:65.39,69.17 3 0
github.com/auth-platform/platform/resilience-service/internal/circuitbreaker/breaker.go:70.26,71.14 1 0
github.com/auth-platform/platform/resilience-service/internal/circuitbreaker/breaker.go:73.24,74.49 1 0
github.com/auth-platform/platform/resilience-service/internal/circuitbreaker/breaker.go:74.49,77.4 2 0
github.com/auth-platform/platform/resilience-service/internal/circuitbreaker/breaker.go:78.3,78.15 1 0
github.com/auth-platform/platform/resilience-service/internal/circuitbreaker/breaker.go:80.28,81.14 1 0
github.com/auth-platform/platform/resilience-service/internal/circuitbreaker/breaker.go:83.10,84.15 1 0
github.com/auth-platform/platform/resilience-service/internal/circuitbreaker/breaker.go:89.50,93.2 3 0
github.com/auth-platform/platform/resilience-service/internal/circuitbreaker/breaker.go:96.61,109.2 3 0
github.com/auth-platform/platform/resilience-service/internal/circuitbreaker/breaker.go:112.35,116.17 3 0
github.com/auth-platform/platform/resilience-service/internal/circuitbreaker/breaker.go:117.26,118.21 1 0
github.com/auth-platform/platform/resilience-service/internal/circuitbreaker/breaker.go:120.28,122.50 2 0
github.com/auth-platform/platform/resilience-service/internal/circuitbreaker/breaker.go:122.50,124.4 1 0
github.com/auth-platform/platform/resilience-service/internal/circuitbreaker/breaker.go:129.35,136.17 5 0
github.com/auth-platform/platform/resilience-service/internal/circuitbreaker/breaker.go:137.26,139.50 2 0
github.com/auth-platform/platform/resilience-service/internal/circuitbreaker/breaker.go:139.50,141.4 1 0
github.com/auth-platform/platform/resilience-service/internal/circuitbreaker/breaker.go:143.28,144.35 1 0
github.com/auth-platform/platform/resilience-service/internal/circuitbreaker/breaker.go:149.27,156.2 5 0
github.com/auth-platform/platform/resilience-service/internal/circuitbreaker/breaker.go:159.62,160.25 1 0
github.com/auth-platform/platform/resilience-service/internal/circuitbreaker/breaker.go:160.25,162.3 1 0
github.com/auth-platform/platform/resilience-service/internal/circuitbreaker/breaker.go:164.2,169.34 5 0
github.com/auth-platform/platform/resilience-service/internal/circuitbreaker/breaker.go:169.34,171.3 1 0
github.com/auth-platform/platform/resilience-service/internal/circuitbreaker/breaker.go:173.2,173.36 1 0
github.com/auth-platform/platform/resilience-service/internal/circuitbreaker/breaker.go:173.36,176.3 2 0
github.com/auth-platform/platform/resilience-service/internal/circuitbreaker/breaker.go:178.2,178.38 1 0
github.com/auth-platform/platform/resilience-service/internal/circuitbreaker/breaker.go:178.38,180.3 1 0
github.com/auth-platform/platform/resilience-service/internal/circuitbreaker/breaker.go:182.2,182.45 1 0
github.com/auth-platform/platform/resilience-service/internal/circuitbreaker/breaker.go:186.81,202.2 2 0
github.com/auth-platform/platform/resilience-service/internal/circuitbreaker/emitter.go:17.46,22.2 1 0
github.com/auth-platform/platform/resilience-service/internal/circuitbreaker/emitter.go:25.63,29.2 3 0
github.com/auth-platform/platform/resilience-service/internal/circuitbreaker/emitter.go:32.63,36.2 3 0
github.com/auth-platform/platform/resilience-service/internal/circuitbreaker/emitter.go:39.65,45.2 5 0
github.com/auth-platform/platform/resilience-service/internal/circuitbreaker/emitter.go:48.65,54.2 5 0
github.com/auth-platform/platform/resilience-service/internal/circuitbreaker/emitter.go:57.36,62.2 4 0
github.com/auth-platform/platform/resilience-service/internal/circuitbreaker/emitter.go:65.76,70.29 4 0
github.com/auth-platform/platform/resilience-service/internal/circuitbreaker/emitter.go:70.29,71.47 1 0
github.com/auth-platform/platform/resilience-service/internal/circuitbreaker/emitter.go:71.47,73.4 1 0
github.com/auth-platform/platform/resilience-service/internal/circuitbreaker/emitter.go:75.2,75.15 1 0
github.com/auth-platform/platform/resilience-service/internal/circuitbreaker/serialization.go:22.65,32.30 2 0
github.com/auth-platform/platform/resilience-service/internal/circuitbreaker/serialization.go:32.30,35.3 2 0
github.com/auth-platform/platform/resilience-service/internal/circuitbreaker/serialization.go:37.2,37.25 1 0
github.com/auth-platform/platform/resilience-service/internal/circuitbreaker/serialization.go:41.70,43.50 2 0
github.com/auth-platform/platform/resilience-service/internal/circuitbreaker/serialization.go:43.50,45.3 1 0
github.com/auth-platform/platform/resilience-service/internal/circuitbreaker/serialization.go:47.2,48.16 2 0
github.com/auth-platform/platform/resilience-service/internal/circuitbreaker/serialization.go:48.16,50.3 1 0
github.com/auth-platform/platform/resilience-service/internal/circuitbreaker/serialization.go:52.2,53.16 2 0
github.com/auth-platform/platform/resilience-service/internal/circuitbreaker/serialization.go:53.16,55.3 1 0
github.com/auth-platform/platform/resilience-service/internal/circuitbreaker/serialization.go:57.2,66.31 2 0
github.com/auth-platform/platform/resilience-service/internal/circuitbreaker/serialization.go:66.31,68.17 2 0
github.com/auth-platform/platform/resilience-service/internal/circuitbreaker/serialization.go:68.17,70.4 1 0
github.com/auth-platform/platform/resilience-service/internal/circuitbreaker/serialization.go:71.3,71.30 1 0
github.com/auth-platform/platform/resilience-service/internal/circuitbreaker/serialization.go:74.2,74.20 1 0
github.com/auth-platform/platform/resilience-service/internal/circuitbreaker/serialization.go:78.63,79.11 1 0
github.com/auth-platform/platform/resilience-service/internal/circuitbreaker/serialization.go:80.16,81.33 1 0
github.com/auth-platform/platform/resilience-service/internal/circuitbreaker/serialization.go:82.14,83.31 1 0
github.com/auth-platform/platform/resilience-service/internal/circuitbreaker/serialization.go:84.19,85.35 1 0
github.com/auth-platform/platform/resilience-service/internal/circuitbreaker/serialization.go:86.10,87.55 1 0
github.com/auth-platform/platform/resilience-service/cmd/server/main.go:22.13,45.33 8 0
github.com/auth-platform/platform/resilience-service/cmd/server/main.go:45.33,46.58 1 0
github.com/auth-platform/platform/resilience-service/cmd/server/main.go:46.58,48.4 1 0
github.com/auth-platform/platform/resilience-service/cmd/server/main.go:52.2,64.16 7 0
github.com/auth-platform/platform/resilience-service/cmd/server/main.go:64.16,67.3 2 0
github.com/auth-platform/platform/resilience-service/cmd/server/main.go:70.2,70.12 1 0
github.com/auth-platform/platform/resilience-service/cmd/server/main.go:70.12,72.52 2 0
github.com/auth-platform/platform/resilience-service/cmd/server/main.go:72.52,74.4 1 0
github.com/auth-platform/platform/resilience-service/cmd/server/main.go:78.2,95.9 9 0
github.com/auth-platform/platform/resilience-service/cmd/server/main.go:96.28,98.20 2 0
github.com/auth-platform/platform/resilience-service/cmd/server/main.go:99.10,99.10 0 0
github.com/auth-platform/platform/resilience-service/cmd/server/main.go:102.2,102.41 1 0
github.com/auth-platform/platform/resilience-service/cmd/server/main.go:111.141,113.16 2 0
github.com/auth-platform/platform/resilience-service/cmd/server/main.go:113.16,117.3 1 0
github.com/auth-platform/platform/resilience-service/cmd/server/main.go:119.2,120.34 2 0
github.com/auth-platform/platform/resilience-service/cmd/server/main.go:120.34,122.3 1 0
github.com/auth-platform/platform/resilience-service/cmd/server/main.go:124.2,126.8 1 0
github.com/auth-platform/platform/resilience-service/cmd/server/main.go:129.123,132.42 2 0
github.com/auth-platform/platform/resilience-service/cmd/server/main.go:132.42,134.3 1 0
github.com/auth-platform/platform/resilience-service/cmd/server/main.go:137.2,140.6 3 0
github.com/auth-platform/platform/resilience-service/cmd/server/main.go:140.6,141.10 1 0
github.com/auth-platform/platform/resilience-service/cmd/server/main.go:142.34,143.14 1 0
github.com/auth-platform/platform/resilience-service/cmd/server/main.go:144.19,146.44 2 0
github.com/auth-platform/platform/resilience-service/cmd/server/main.go:146.44,148.5 1 0
github.com/auth-platform/platform/resilience-service/internal/infra/metrics/handler.go:12.43,13.54 1 0
github.com/auth-platform/platform/resilience-service/internal/infra/metrics/handler.go:13.54,18.3 3 0
github.com/auth-platform/platform/resilience-service/internal/infra/metrics/handler.go:21.51,24.52 2 0
github.com/auth-platform/platform/resilience-service/internal/infra/metrics/handler.go:24.52,27.3 2 0
github.com/auth-platform/platform/resilience-service/internal/infra/metrics/handler.go:29.2,30.54 2 0
github.com/auth-platform/platform/resilience-service/internal/infra/metrics/handler.go:30.54,32.22 2 0
github.com/auth-platform/platform/resilience-service/internal/infra/metrics/handler.go:32.22,35.4 1 0
github.com/auth-platform/platform/resilience-service/internal/infra/metrics/handler.go:38.2,39.55 2 0
github.com/auth-platform/platform/resilience-service/internal/infra/metrics/handler.go:39.55,41.3 1 0
github.com/auth-platform/platform/resilience-service/internal/infra/metrics/handler.go:43.2,44.56 2 0
github.com/auth-platform/platform/resilience-service/internal/infra/metrics/handler.go:44.56,46.3 1 0
github.com/auth-platform/platform/resilience-service/internal/infra/metrics/handler.go:49.2,50.46 2 0
github.com/auth-platform/platform/resilience-service/internal/infra/metrics/handler.go:50.46,52.3 1 0
github.com/auth-platform/platform/resilience-service/internal/infra/metrics/handler.go:54.2,55.47 2 0
github.com/auth-platform/platform/resilience-service/internal/infra/metrics/handler.go:55.47,57.3 1 0
github.com/auth-platform/platform/resilience-service/internal/infra/metrics/handler.go:59.2,60.47 2 0
github.com/auth-platform/platform/resilience-service/internal/infra/metrics/handler.go:60.47,62.3 1 0
github.com/auth-platform/platform/resilience-service/internal/infra/metrics/handler.go:64.2,65.49 2 0
github.com/auth-platform/platform/resilience-service/internal/infra/metrics/handler.go:65.49,67.3 1 0
github.com/auth-platform/platform/resilience-service/internal/infra/metrics/handler.go:70.2,71.45 2 0
github.com/auth-platform/platform/resilience-service/internal/infra/metrics/handler.go:71.45,73.3 1 0
github.com/auth-platform/platform/resilience-service/internal/infra/metrics/handler.go:75.2,76.46 2 0
github.com/auth-platform/platform/resilience-service/internal/infra/metrics/handler.go:76.46,78.3 1 0
github.com/auth-platform/platform/resilience-service/internal/infra/metrics/handler.go:80.2,81.45 2 0
github.com/auth-platform/platform/resilience-service/internal/infra/metrics/handler.go:81.45,83.3 1 0
github.com/auth-platform/platform/resilience-service/internal/infra/metrics/handler.go:86.2,87.49 2 0
github.com/auth-platform/platform/resilience-service/internal/infra/metrics/handler.go:87.49,89.3 1 0
github.com/auth-platform/platform/resilience-service/internal/infra/metrics/handler.go:91.2,92.49 2 0
github.com/auth-platform/platform/resilience-service/internal/infra/metrics/handler.go:92.49,94.3 1 0
github.com/auth-platform/platform/resilience-service/internal/infra/metrics/handler.go:96.2,97.51 2 0
github.com/auth-platform/platform/resilience-service/internal/infra/metrics/handler.go:97.51,99.3 1 0
github.com/auth-platform/platform/resilience-service/internal/infra/metrics/handler.go:101.2,102.44 2 0
github.com/auth-platform/platform/resilience-service/internal/infra/metrics/handler.go:102.44,104.3 1 0
github.com/auth-platform/platform/resilience-service/internal/infra/metrics/handler.go:107.2,108.47 2 0
github.com/auth-platform/platform/resilience-service/internal/infra/metrics/handler.go:108.47,110.3 1 0
github.com/auth-platform/platform/resilience-service/internal/infra/metrics/handler.go:112.2,113.50 2 0
github.com/auth-platform/platform/resilience-service/internal/infra/metrics/handler.go:113.50,115.3 1 0
github.com/auth-platform/platform/resilience-service/internal/infra/metrics/handler.go:117.2,118.54 2 0
github.com/auth-platform/platform/resilience-service/internal/infra/metrics/handler.go:118.54,120.3 1 0
github.com/auth-platform/platform/resilience-service/internal/infra/metrics/handler.go:123.2,124.46 2 0
github.com/auth-platform/platform/resilience-service/internal/infra/metrics/handler.go:124.46,127.3 2 0
github.com/auth-platform/platform/resilience-service/internal/infra/metrics/handler.go:130.2,134.114 5 0
github.com/auth-platform/platform/resilience-service/internal/infra/metrics/handler.go:137.48,140.2 2 0
github.com/auth-platform/platform/resilience-service/internal/infra/metrics/handler.go:142.77,143.22 1 0
github.com/auth-platform/platform/resilience-service/internal/infra/metrics/handler.go:143.22,146.3 2 0
github.com/auth-platform/platform/resilience-service/internal/infra/metrics/handler.go:148.2,149.38 2 0
github.com/auth-platform/platform/resilience-service/internal/infra/metrics/handler.go:149.38,151.3 1 0
github.com/auth-platform/platform/resilience-service/internal/infra/metrics/handler.go:153.2,153.75 1 0
github.com/auth-platform/platform/resilience-service/internal/infra/metrics/handler.go:156.41,157.15 1 0
github.com/auth-platform/platform/resilience-service/internal/infra/metrics/handler.go:158.16,159.11 1 0
github.com/auth-platform/platform/resilience-service/internal/infra/metrics/handler.go:160.14,161.11 1 0
github.com/auth-platform/platform/resilience-service/internal/infra/metrics/handler.go:162.19,163.11 1 0
github.com/auth-platform/platform/resilience-service/internal/infra/metrics/handler.go:164.10,165.12 1 0
github.com/auth-platform/platform/resilience-service/internal/infra/metrics/handler.go:169.43,170.16 1 0
github.com/auth-platform/platform/resilience-service/internal/infra/metrics/handler.go:171.19,172.11 1 0
github.com/auth-platform/platform/resilience-service/internal/infra/metrics/handler.go:173.18,174.11 1 0
github.com/auth-platform/platform/resilience-service/internal/infra/metrics/handler.go:175.17,176.11 1 0
github.com/auth-platform/platform/resilience-service/internal/infra/metrics/handler.go:177.10,178.12 1 0
github.com/auth-platform/platform/resilience-service/internal/infra/metrics/handler.go:183.109,184.26 1 0
github.com/auth-platform/platform/resilience-service/internal/infra/metrics/handler.go:184.26,186.3 1 0
github.com/auth-platform/platform/resilience-service/internal/infra/metrics/handler.go:188.2,191.36 3 0
github.com/auth-platform/platform/resilience-service/internal/infra/metrics/handler.go:191.36,194.38 2 0
github.com/auth-platform/platform/resilience-service/internal/infra/metrics/handler.go:194.38,198.4 2 0
github.com/auth-platform/platform/resilience-service/internal/infra/metrics/handler.go:200.3,206.79 4 0
github.com/auth-platform/platform/resilience-service/internal/infra/metrics/histogram.go:26.49,35.2 4 0
github.com/auth-platform/platform/resilience-service/internal/infra/metrics/histogram.go:38.44,46.34 5 0
github.com/auth-platform/platform/resilience-service/internal/infra/metrics/histogram.go:46.34,47.21 1 0
github.com/auth-platform/platform/resilience-service/internal/infra/metrics/histogram.go:47.21,50.4 2 0
github.com/auth-platform/platform/resilience-service/internal/infra/metrics/histogram.go:53.2,53.28 1 0
github.com/auth-platform/platform/resilience-service/internal/infra/metrics/histogram.go:57.54,59.2 1 0
github.com/auth-platform/platform/resilience-service/internal/infra/metrics/histogram.go:70.42,86.2 7 0
github.com/auth-platform/platform/resilience-service/internal/infra/metrics/histogram.go:89.51,93.18 3 0
github.com/auth-platform/platform/resilience-service/internal/infra/metrics/histogram.go:93.18,95.3 1 0
github.com/auth-platform/platform/resilience-service/internal/infra/metrics/histogram.go:97.2,100.33 3 0
github.com/auth-platform/platform/resilience-service/internal/infra/metrics/histogram.go:100.33,102.30 2 0
github.com/auth-platform/platform/resilience-service/internal/infra/metrics/histogram.go:102.30,103.26 1 0
github.com/auth-platform/platform/resilience-service/internal/infra/metrics/histogram.go:103.26,105.5 1 0
github.com/auth-platform/platform/resilience-service/internal/infra/metrics/histogram.go:107.4,107.26 1 0
github.com/auth-platform/platform/resilience-service/internal/infra/metrics/histogram.go:107.26,109.5 1 0
github.com/auth-platform/platform/resilience-service/internal/infra/metrics/histogram.go:110.4,110.12 1 0
github.com/auth-platform/platform/resilience-service/internal/infra/metrics/histogram.go:114.2,114.10 1 0
github.com/auth-platform/platform/resilience-service/internal/infra/metrics/histogram.go:125.48,130.2 1 0
github.com/auth-platform/platform/resilience-service/internal/infra/metrics/histogram.go:133.76,138.2 1 0
github.com/auth-platform/platform/resilience-service/internal/infra/metrics/histogram.go:141.65,145.37 3 0
github.com/auth-platform/platform/resilience-service/internal/infra/metrics/histogram.go:145.37,147.3 1 0
github.com/auth-platform/platform/resilience-service/internal/infra/metrics/histogram.go:149.2,151.10 3 0
github.com/auth-platform/platform/resilience-service/internal/infra/metrics/histogram.go:155.74,158.2 2 0
github.com/auth-platform/platform/resilience-service/internal/infra/metrics/histogram.go:161.81,166.9 4 0
github.com/auth-platform/platform/resilience-service/internal/infra/metrics/histogram.go:166.9,168.3 1 0
github.com/auth-platform/platform/resilience-service/internal/infra/metrics/histogram.go:170.2,170.61 1 0
github.com/auth-platform/platform/resilience-service/internal/infra/metrics/histogram.go:174.67,179.36 4 0
github.com/auth-platform/platform/resilience-service/internal/infra/metrics/histogram.go:179.36,181.3 1 0
github.com/auth-platform/platform/resilience-service/internal/infra/metrics/histogram.go:182.2,182.15 1 0
github.com/auth-platform/platform/resilience-service/internal/infra/metrics/histogram.go:186.46,191.33 4 0
github.com/auth-platform/platform/resilience-service/internal/infra/metrics/histogram.go:191.33,193.3 1 0
github.com/auth-platform/platform/resilience-service/internal/infra/metrics/histogram.go:194.2,195.14 2 0
github.com/auth-platform/platform/resilience-service/internal/infra/metrics/prometheus.go:53.28,80.2 1 0
github.com/auth-platform/platform/resilience-service/internal/infra/metrics/prometheus.go:85.65,89.2 3 0
github.com/auth-platform/platform/resilience-service/internal/infra/metrics/prometheus.go:92.76,97.2 4 0
github.com/auth-platform/platform/resilience-service/internal/infra/metrics/prometheus.go:100.63,104.2 3 0
github.com/auth-platform/platform/resilience-service/internal/infra/metrics/prometheus.go:107.63,111.2 3 0
github.com/auth-platform/platform/resilience-service/internal/infra/metrics/prometheus.go:116.75,121.2 4 0
github.com/auth-platform/platform/resilience-service/internal/infra/metrics/prometheus.go:124.54,128.2 3 0
github.com/auth-platform/platform/resilience-service/internal/infra/metrics/prometheus.go:131.56,135.2 3 0
github.com/auth-platform/platform/resilience-service/internal/infra/metrics/prometheus.go:140.54,144.2 3 0
github.com/auth-platform/platform/resilience-service/internal/infra/metrics/prometheus.go:147.55,151.2 3 0
github.com/auth-platform/platform/resilience-service/internal/infra/metrics/prometheus.go:154.64,158.2 3 0
github.com/auth-platform/platform/resilience-service/internal/infra/metrics/prometheus.go:163.68,167.2 3 0
github.com/auth-platform/platform/resilience-service/internal/infra/metrics/prometheus.go:170.68,174.2 3 0
github.com/auth-platform/platform/resilience-service/internal/infra/metrics/prometheus.go:177.60,181.2 3 0
github.com/auth-platform/platform/resilience-service/internal/infra/metrics/prometheus.go:184.63,188.2 3 0
github.com/auth-platform/platform/resilience-service/internal/infra/metrics/prometheus.go:193.90,198.14 5 0
github.com/auth-platform/platform/resilience-service/internal/infra/metrics/prometheus.go:198.14,200.3 1 0
github.com/auth-platform/platform/resilience-service/internal/infra/metrics/prometheus.go:206.59,210.2 3 0
github.com/auth-platform/platform/resilience-service/internal/infra/metrics/prometheus.go:215.88,217.2 1 0
github.com/auth-platform/platform/resilience-service/internal/infra/metrics/prometheus.go:220.79,222.2 1 0
github.com/auth-platform/platform/resilience-service/internal/infra/metrics/prometheus.go:225.79,227.2 1 0
github.com/auth-platform/platform/resilience-service/internal/infra/metrics/prometheus.go:230.84,232.2 1 0
github.com/auth-platform/platform/resilience-service/internal/infra/metrics/prometheus.go:235.85,237.2 1 0
github.com/auth-platform/platform/resilience-service/internal/infra/metrics/prometheus.go:240.88,242.2 1 0
github.com/auth-platform/platform/resilience-service/internal/infra/metrics/prometheus.go:245.79,247.2 1 0
github.com/auth-platform/platform/resilience-service/internal/infra/metrics/prometheus.go:250.79,252.2 1 0
github.com/auth-platform/platform/resilience-service/internal/infra/metrics/prometheus.go:255.84,257.2 1 0
github.com/auth-platform/platform/resilience-service/internal/infra/metrics/prometheus.go:260.85,262.2 1 0
github.com/auth-platform/platform/resilience-service/internal/infra/metrics/prometheus.go:295.46,325.2 3 0
github.com/auth-platform/platform/resilience-service/internal/infra/metrics/prometheus.go:327.59,329.22 2 0
github.com/auth-platform/platform/resilience-service/internal/infra/metrics/prometheus.go:329.22,331.3 1 0
github.com/auth-platform/platform/resilience-service/internal/infra/metrics/prometheus.go:332.2,332.15 1 0
github.com/auth-platform/platform/resilience-service/internal/infra/metrics/prometheus.go:335.56,337.22 2 0
github.com/auth-platform/platform/resilience-service/internal/infra/metrics/prometheus.go:337.22,339.3 1 0
github.com/auth-platform/platform/resilience-service/internal/infra/metrics/prometheus.go:340.2,340.15 1 0
github.com/auth-platform/platform/resilience-service/internal/infra/metrics/prometheus.go:343.75,345.22 2 0
github.com/auth-platform/platform/resilience-service/internal/infra/metrics/prometheus.go:345.22,347.3 1 0
github.com/auth-platform/platform/resilience-service/internal/infra/metrics/prometheus.go:348.2,348.15 1 0
github.com/auth-platform/platform/resilience-service/internal/infra/otel/provider.go:34.70,40.18 2 0
github.com/auth-platform/platform/resilience-service/internal/infra/otel/provider.go:40.18,42.3 1 0
github.com/auth-platform/platform/resilience-service/internal/infra/otel/provider.go:44.2,45.16 2 0
github.com/auth-platform/platform/resilience-service/internal/infra/otel/provider.go:45.16,47.3 1 0
github.com/auth-platform/platform/resilience-service/internal/infra/otel/provider.go:50.2,58.16 2 0
github.com/auth-platform/platform/resilience-service/internal/infra/otel/provider.go:58.16,60.3 1 0
github.com/auth-platform/platform/resilience-service/internal/infra/otel/provider.go:63.2,82.8 4 0
github.com/auth-platform/platform/resilience-service/internal/infra/otel/provider.go:86.56,90.2 3 0
github.com/auth-platform/platform/resilience-service/internal/infra/otel/provider.go:93.42,95.2 1 0
github.com/auth-platform/platform/resilience-service/internal/infra/otel/provider.go:98.125,100.2 1 0
github.com/auth-platform/platform/resilience-service/internal/infra/otel/provider.go:103.54,105.2 1 0
github.com/auth-platform/platform/resilience-service/internal/infra/otel/provider.go:108.78,111.2 2 0
github.com/auth-platform/platform/resilience-service/internal/infra/otel/provider.go:114.70,117.2 2 0
github.com/auth-platform/platform/resilience-service/internal/infra/otel/provider.go:120.50,123.2 2 0
github.com/auth-platform/platform/resilience-service/internal/infra/otel/provider.go:126.45,128.37 2 0
github.com/auth-platform/platform/resilience-service/internal/infra/otel/provider.go:128.37,130.3 1 0
github.com/auth-platform/platform/resilience-service/internal/infra/otel/provider.go:131.2,131.11 1 0
github.com/auth-platform/platform/resilience-service/internal/infra/otel/provider.go:135.44,137.36 2 0
github.com/auth-platform/platform/resilience-service/internal/infra/otel/provider.go:137.36,139.3 1 0
github.com/auth-platform/platform/resilience-service/internal/infra/otel/provider.go:140.2,140.11 1 0
github.com/auth-platform/platform/resilience-service/internal/infra/redis/client.go:29.45,31.16 2 0
github.com/auth-platform/platform/resilience-service/internal/infra/redis/client.go:31.16,33.3 1 0
github.com/auth-platform/platform/resilience-service/internal/infra/redis/client.go:35.2,35.24 1 0
github.com/auth-platform/platform/resilience-service/internal/infra/redis/client.go:35.24,37.3 1 0
github.com/auth-platform/platform/resilience-service/internal/infra/redis/client.go:38.2,46.44 5 0
github.com/auth-platform/platform/resilience-service/internal/infra/redis/client.go:46.44,48.3 1 0
github.com/auth-platform/platform/resilience-service/internal/infra/redis/client.go:50.2,51.18 2 0
github.com/auth-platform/platform/resilience-service/internal/infra/redis/client.go:51.18,53.3 1 0
github.com/auth-platform/platform/resilience-service/internal/infra/redis/client.go:55.2,58.8 1 0
github.com/auth-platform/platform/resilience-service/internal/infra/redis/client.go:62.32,64.2 1 0
github.com/auth-platform/platform/resilience-service/internal/infra/redis/client.go:67.96,71.16 3 0
github.com/auth-platform/platform/resilience-service/internal/infra/redis/client.go:71.16,73.3 1 0
github.com/auth-platform/platform/resilience-service/internal/infra/redis/client.go:75.2,75.43 1 0
github.com/auth-platform/platform/resilience-service/internal/infra/redis/client.go:79.113,83.22 3 0
github.com/auth-platform/platform/resilience-service/internal/infra/redis/client.go:83.22,85.3 1 0
github.com/auth-platform/platform/resilience-service/internal/infra/redis/client.go:86.2,86.16 1 0
github.com/auth-platform/platform/resilience-service/internal/infra/redis/client.go:86.16,88.3 1 0
github.com/auth-platform/platform/resilience-service/internal/infra/redis/client.go:90.2,91.53 2 0
github.com/auth-platform/platform/resilience-service/internal/infra/redis/client.go:91.53,93.3 1 0
github.com/auth-platform/platform/resilience-service/internal/infra/redis/client.go:95.2,95.20 1 0
github.com/auth-platform/platform/resilience-service/internal/infra/redis/client.go:99.107,107.16 6 0
github.com/auth-platform/platform/resilience-service/internal/infra/redis/client.go:107.16,109.3 1 0
github.com/auth-platform/platform/resilience-service/internal/infra/redis/client.go:111.2,111.24 1 0
github.com/auth-platform/platform/resilience-service/internal/infra/redis/client.go:115.84,119.22 3 0
github.com/auth-platform/platform/resilience-service/internal/infra/redis/client.go:119.22,121.3 1 0
github.com/auth-platform/platform/resilience-service/internal/infra/redis/client.go:122.2,122.16 1 0
github.com/auth-platform/platform/resilience-service/internal/infra/redis/client.go:122.16,124.3 1 0
github.com/auth-platform/platform/resilience-service/internal/infra/redis/client.go:126.2,126.19 1 0
github.com/auth-platform/platform/resilience-service/internal/infra/redis/client.go:130.90,134.16 3 0
github.com/auth-platform/platform/resilience-service/internal/infra/redis/client.go:134.16,136.3 1 0
github.com/auth-platform/platform/resilience-service/internal/infra/redis/client.go:138.2,138.17 1 0
github.com/auth-platform/platform/resilience-service/internal/infra/redis/client.go:142.57,144.2 1 0
github.com/auth-platform/platform/resilience-service/internal/retry/handler.go:31.31,39.2 1 0
github.com/auth-platform/platform/resilience-service/internal/retry/handler.go:42.78,45.62 2 0
github.com/auth-platform/platform/resilience-service/internal/retry/handler.go:45.62,46.23 1 0
github.com/auth-platform/platform/resilience-service/internal/retry/handler.go:46.23,48.4 1 0
github.com/auth-platform/platform/resilience-service/internal/retry/handler.go:50.3,51.17 2 0
github.com/auth-platform/platform/resilience-service/internal/retry/handler.go:51.17,53.4 1 0
github.com/auth-platform/platform/resilience-service/internal/retry/handler.go:55.3,58.39 2 0
github.com/auth-platform/platform/resilience-service/internal/retry/handler.go:58.39,62.11 3 0
github.com/auth-platform/platform/resilience-service/internal/retry/handler.go:63.22,64.21 1 0
github.com/auth-platform/platform/resilience-service/internal/retry/handler.go:65.29,65.29 0 0
github.com/auth-platform/platform/resilience-service/internal/retry/handler.go:70.2,70.84 1 0
github.com/auth-platform/platform/resilience-service/internal/retry/handler.go:74.122,76.39 1 0
github.com/auth-platform/platform/resilience-service/internal/retry/handler.go:76.39,78.3 1 0
github.com/auth-platform/platform/resilience-service/internal/retry/handler.go:80.2,82.62 2 0
github.com/auth-platform/platform/resilience-service/internal/retry/handler.go:82.62,83.23 1 0
github.com/auth-platform/platform/resilience-service/internal/retry/handler.go:83.23,85.4 1 0
github.com/auth-platform/platform/resilience-service/internal/retry/handler.go:88.3,88.40 1 0
github.com/auth-platform/platform/resilience-service/internal/retry/handler.go:88.40,90.4 1 0
github.com/auth-platform/platform/resilience-service/internal/retry/handler.go:92.3,93.17 2 0
github.com/auth-platform/platform/resilience-service/internal/retry/handler.go:93.17,96.4 2 0
github.com/auth-platform/platform/resilience-service/internal/retry/handler.go:98.3,102.40 3 0
github.com/auth-platform/platform/resilience-service/internal/retry/handler.go:102.40,104.4 1 0
github.com/auth-platform/platform/resilience-service/internal/retry/handler.go:107.3,107.39 1 0
github.com/auth-platform/platform/resilience-service/internal/retry/handler.go:107.39,111.11 3 0
github.com/auth-platform/platform/resilience-service/internal/retry/handler.go:112.22,113.21 1 0
github.com/auth-platform/platform/resilience-service/internal/retry/handler.go:114.29,114.29 0 0
github.com/auth-platform/platform/resilience-service/internal/retry/handler.go:119.2,119.84 1 0
github.com/auth-platform/platform/resilience-service/internal/retry/handler.go:123.61,128.44 2 0
github.com/auth-platform/platform/resilience-service/internal/retry/handler.go:128.44,130.3 1 0
github.com/auth-platform/platform/resilience-service/internal/retry/handler.go:133.2,139.20 4 0
github.com/auth-platform/platform/resilience-service/internal/retry/handler.go:139.20,141.3 1 0
github.com/auth-platform/platform/resilience-service/internal/retry/handler.go:143.2,143.34 1 0
github.com/auth-platform/platform/resilience-service/internal/retry/handler.go:147.79,163.2 2 0
github.com/auth-platform/platform/resilience-service/internal/retry/policy.go:28.41,30.2 1 0
github.com/auth-platform/platform/resilience-service/internal/retry/policy.go:33.60,35.51 2 0
github.com/auth-platform/platform/resilience-service/internal/retry/policy.go:35.51,37.3 1 0
github.com/auth-platform/platform/resilience-service/internal/retry/policy.go:39.2,39.44 1 0
github.com/auth-platform/platform/resilience-service/internal/retry/policy.go:39.44,41.3 1 0
github.com/auth-platform/platform/resilience-service/internal/retry/policy.go:43.2,50.8 1 0
github.com/auth-platform/platform/resilience-service/internal/retry/policy.go:54.49,55.25 1 0
github.com/auth-platform/platform/resilience-service/internal/retry/policy.go:55.25,57.3 1 0
github.com/auth-platform/platform/resilience-service/internal/retry/policy.go:58.2,58.26 1 0
github.com/auth-platform/platform/resilience-service/internal/retry/policy.go:58.26,60.3 1 0
github.com/auth-platform/platform/resilience-service/internal/retry/policy.go:62.2,62.26 1 0
github.com/auth-platform/platform/resilience-service/internal/retry/policy.go:62.26,64.3 1 0
github.com/auth-platform/platform/resilience-service/internal/retry/policy.go:65.2,65.29 1 0
github.com/auth-platform/platform/resilience-service/internal/retry/policy.go:65.29,67.3 1 0
github.com/auth-platform/platform/resilience-service/internal/retry/policy.go:69.2,69.26 1 0
github.com/auth-platform/platform/resilience-service/internal/retry/policy.go:69.26,71.3 1 0
github.com/auth-platform/platform/resilience-service/internal/retry/policy.go:72.2,72.29 1 0
github.com/auth-platform/platform/resilience-service/internal/retry/policy.go:72.29,74.3 1 0
github.com/auth-platform/platform/resilience-service/internal/retry/policy.go:76.2,76.39 1 0
github.com/auth-platform/platform/resilience-service/internal/retry/policy.go:76.39,78.3 1 0
github.com/auth-platform/platform/resilience-service/internal/retry/policy.go:80.2,80.26 1 0
github.com/auth-platform/platform/resilience-service/internal/retry/policy.go:80.26,82.3 1 0
github.com/auth-platform/platform/resilience-service/internal/retry/policy.go:83.2,83.26 1 0
github.com/auth-platform/platform/resilience-service/internal/retry/policy.go:83.26,85.3 1 0
github.com/auth-platform/platform/resilience-service/internal/retry/policy.go:87.2,87.27 1 0
github.com/auth-platform/platform/resilience-service/internal/retry/policy.go:87.27,89.3 1 0
github.com/auth-platform/platform/resilience-service/internal/retry/policy.go:90.2,90.29 1 0
github.com/auth-platform/platform/resilience-service/internal/retry/policy.go:90.29,92.3 1 0
github.com/auth-platform/platform/resilience-service/internal/retry/policy.go:94.2,94.12 1 0
github.com/auth-platform/platform/resilience-service/internal/retry/policy.go:98.61,109.2 2 0
github.com/auth-platform/platform/resilience-service/internal/retry/policy.go:112.50,122.34 8 0
github.com/auth-platform/platform/resilience-service/internal/retry/policy.go:122.34,124.3 1 0
github.com/auth-platform/platform/resilience-service/internal/retry/policy.go:126.2,126.20 1 0
github.com/auth-platform/platform/resilience-service/internal/retry/policy.go:130.61,139.2 1 0
github.com/auth-platform/platform/resilience-service/internal/retry/policy.go:142.63,151.2 1 0
github.com/auth-platform/platform/resilience-service/internal/ratelimit/factory.go:10.106,11.23 1 0
github.com/auth-platform/platform/resilience-service/internal/ratelimit/factory.go:12.26,18.10 1 0
github.com/auth-platform/platform/resilience-service/internal/ratelimit/factory.go:19.28,24.10 1 0
github.com/auth-platform/platform/resilience-service/internal/ratelimit/factory.go:25.10,26.76 1 0
github.com/auth-platform/platform/resilience-service/internal/ratelimit/sliding_window.go:28.63,35.2 1 0
github.com/auth-platform/platform/resilience-service/internal/ratelimit/sliding_window.go:38.99,51.33 6 0
github.com/auth-platform/platform/resilience-service/internal/ratelimit/sliding_window.go:51.33,55.3 3 0
github.com/auth-platform/platform/resilience-service/internal/ratelimit/sliding_window.go:55.8,59.3 3 0
github.com/auth-platform/platform/resilience-service/internal/ratelimit/sliding_window.go:61.2,61.22 1 0
github.com/auth-platform/platform/resilience-service/internal/ratelimit/sliding_window.go:65.103,77.2 5 0
github.com/auth-platform/platform/resilience-service/internal/ratelimit/sliding_window.go:80.58,85.32 3 0
github.com/auth-platform/platform/resilience-service/internal/ratelimit/sliding_window.go:85.32,86.27 1 0
github.com/auth-platform/platform/resilience-service/internal/ratelimit/sliding_window.go:86.27,88.9 2 0
github.com/auth-platform/platform/resilience-service/internal/ratelimit/sliding_window.go:90.3,90.21 1 0
github.com/auth-platform/platform/resilience-service/internal/ratelimit/sliding_window.go:94.2,94.20 1 0
github.com/auth-platform/platform/resilience-service/internal/ratelimit/sliding_window.go:94.20,96.3 1 0
github.com/auth-platform/platform/resilience-service/internal/ratelimit/sliding_window.go:100.70,101.27 1 0
github.com/auth-platform/platform/resilience-service/internal/ratelimit/sliding_window.go:101.27,103.3 1 0
github.com/auth-platform/platform/resilience-service/internal/ratelimit/sliding_window.go:106.2,106.38 1 0
github.com/auth-platform/platform/resilience-service/internal/ratelimit/sliding_window.go:110.75,111.27 1 0
github.com/auth-platform/platform/resilience-service/internal/ratelimit/sliding_window.go:111.27,113.3 1 0
github.com/auth-platform/platform/resilience-service/internal/ratelimit/sliding_window.go:116.2,117.29 2 0
github.com/auth-platform/platform/resilience-service/internal/ratelimit/sliding_window.go:117.29,119.3 1 0
github.com/auth-platform/platform/resilience-service/internal/ratelimit/sliding_window.go:121.2,121.10 1 0
github.com/auth-platform/platform/resilience-service/internal/ratelimit/sliding_window.go:125.92,139.2 2 0
github.com/auth-platform/platform/resilience-service/internal/ratelimit/sliding_window.go:142.48,147.2 4 0
github.com/auth-platform/platform/resilience-service/internal/ratelimit/sliding_window.go:150.52,157.2 6 0
github.com/auth-platform/platform/resilience-service/internal/ratelimit/token_bucket.go:31.57,42.2 2 0
github.com/auth-platform/platform/resilience-service/internal/ratelimit/token_bucket.go:45.97,57.20 5 0
github.com/auth-platform/platform/resilience-service/internal/ratelimit/token_bucket.go:57.20,61.3 3 0
github.com/auth-platform/platform/resilience-service/internal/ratelimit/token_bucket.go:61.8,65.3 3 0
github.com/auth-platform/platform/resilience-service/internal/ratelimit/token_bucket.go:67.2,67.22 1 0
github.com/auth-platform/platform/resilience-service/internal/ratelimit/token_bucket.go:71.101,82.2 4 0
github.com/auth-platform/platform/resilience-service/internal/ratelimit/token_bucket.go:85.33,93.29 4 0
github.com/auth-platform/platform/resilience-service/internal/ratelimit/token_bucket.go:93.29,95.3 1 0
github.com/auth-platform/platform/resilience-service/internal/ratelimit/token_bucket.go:97.2,97.21 1 0
github.com/auth-platform/platform/resilience-service/internal/ratelimit/token_bucket.go:101.55,102.30 1 0
github.com/auth-platform/platform/resilience-service/internal/ratelimit/token_bucket.go:102.30,104.3 1 0
github.com/auth-platform/platform/resilience-service/internal/ratelimit/token_bucket.go:106.2,109.76 3 0
github.com/auth-platform/platform/resilience-service/internal/ratelimit/token_bucket.go:113.60,114.20 1 0
github.com/auth-platform/platform/resilience-service/internal/ratelimit/token_bucket.go:114.20,116.3 1 0
github.com/auth-platform/platform/resilience-service/internal/ratelimit/token_bucket.go:118.2,121.60 3 0
github.com/auth-platform/platform/resilience-service/internal/ratelimit/token_bucket.go:125.90,139.2 2 0
github.com/auth-platform/platform/resilience-service/internal/ratelimit/token_bucket.go:142.48,147.2 4 0
github.com/auth-platform/platform/resilience-service/internal/ratelimit/token_bucket.go:150.46,152.2 1 0
github.com/auth-platform/platform/resilience-service/internal/timeout/manager.go:28.31,30.26 2 0
github.com/auth-platform/platform/resilience-service/internal/timeout/manager.go:30.26,31.33 1 0
github.com/auth-platform/platform/resilience-service/internal/timeout/manager.go:31.33,31.46 1 0
github.com/auth-platform/platform/resilience-service/internal/timeout/manager.go:34.2,39.3 1 0
github.com/auth-platform/platform/resilience-service/internal/timeout/manager.go:43.108,51.12 5 0
github.com/auth-platform/platform/resilience-service/internal/timeout/manager.go:51.12,53.3 1 0
github.com/auth-platform/platform/resilience-service/internal/timeout/manager.go:55.2,55.9 1 0
github.com/auth-platform/platform/resilience-service/internal/timeout/manager.go:56.21,57.13 1 0
github.com/auth-platform/platform/resilience-service/internal/timeout/manager.go:58.20,60.56 2 0
github.com/auth-platform/platform/resilience-service/internal/timeout/manager.go:65.62,67.27 1 0
github.com/auth-platform/platform/resilience-service/internal/timeout/manager.go:67.27,68.51 1 0
github.com/auth-platform/platform/resilience-service/internal/timeout/manager.go:68.51,70.4 1 0
github.com/auth-platform/platform/resilience-service/internal/timeout/manager.go:74.2,74.25 1 0
github.com/auth-platform/platform/resilience-service/internal/timeout/manager.go:78.108,81.2 2 0
github.com/auth-platform/platform/resilience-service/internal/timeout/manager.go:84.77,85.27 1 0
github.com/auth-platform/platform/resilience-service/internal/timeout/manager.go:85.27,87.3 1 0
github.com/auth-platform/platform/resilience-service/internal/timeout/manager.go:89.2,101.28 2 0
github.com/auth-platform/platform/resilience-service/internal/timeout/manager.go:105.31,107.2 1 0
github.com/auth-platform/platform/resilience-service/internal/timeout/validation.go:24.41,26.2 1 0
github.com/auth-platform/platform/resilience-service/internal/timeout/validation.go:29.53,30.65 1 0
github.com/auth-platform/platform/resilience-service/internal/timeout/validation.go:30.65,32.3 1 0
github.com/auth-platform/platform/resilience-service/internal/timeout/validation.go:34.2,34.17 1 0
github.com/auth-platform/platform/resilience-service/internal/timeout/validation.go:34.17,35.58 1 0
github.com/auth-platform/platform/resilience-service/internal/timeout/validation.go:35.58,37.4 1 0
github.com/auth-platform/platform/resilience-service/internal/timeout/validation.go:40.2,40.37 1 0
github.com/auth-platform/platform/resilience-service/internal/timeout/validation.go:40.37,41.89 1 0
github.com/auth-platform/platform/resilience-service/internal/timeout/validation.go:41.89,43.4 1 0
github.com/auth-platform/platform/resilience-service/internal/timeout/validation.go:46.2,46.12 1 0
github.com/auth-platform/platform/resilience-service/internal/timeout/validation.go:50.60,51.12 1 0
github.com/auth-platform/platform/resilience-service/internal/timeout/validation.go:51.12,56.3 1 0
github.com/auth-platform/platform/resilience-service/internal/timeout/validation.go:58.2,58.20 1 0
github.com/auth-platform/platform/resilience-service/internal/timeout/validation.go:58.20,63.3 1 0
github.com/auth-platform/platform/resilience-service/internal/timeout/validation.go:65.2,65.20 1 0
github.com/auth-platform/platform/resilience-service/internal/timeout/validation.go:65.20,70.3 1 0
github.com/auth-platform/platform/resilience-service/internal/timeout/validation.go:72.2,72.12 1 0
github.com/auth-platform/platform/resilience-service/internal/timeout/validation.go:76.43,78.2 1 0
github.com/auth-platform/platform/resilience-service/internal/policy/engine.go:35.36,43.2 1 0
github.com/auth-platform/platform/resilience-service/internal/policy/engine.go:46.75,51.9 4 0
github.com/auth-platform/platform/resilience-service/internal/policy/engine.go:51.9,53.3 1 0
github.com/auth-platform/platform/resilience-service/internal/policy/engine.go:55.2,55.20 1 0
github.com/auth-platform/platform/resilience-service/internal/policy/engine.go:59.70,60.43 1 0
github.com/auth-platform/platform/resilience-service/internal/policy/engine.go:60.43,62.3 1 0
github.com/auth-platform/platform/resilience-service/internal/policy/engine.go:64.2,69.12 5 0
github.com/auth-platform/platform/resilience-service/internal/policy/engine.go:69.12,72.3 2 0
github.com/auth-platform/platform/resilience-service/internal/policy/engine.go:72.8,74.3 1 0
github.com/auth-platform/platform/resilience-service/internal/policy/engine.go:76.2,79.9 2 0
github.com/auth-platform/platform/resilience-service/internal/policy/engine.go:80.72,80.72 0 0
github.com/auth-platform/platform/resilience-service/internal/policy/engine.go:81.10,81.10 0 0
github.com/auth-platform/platform/resilience-service/internal/policy/engine.go:84.2,84.12 1 0
github.com/auth-platform/platform/resilience-service/internal/policy/engine.go:88.50,93.9 4 0
github.com/auth-platform/platform/resilience-service/internal/policy/engine.go:93.9,95.3 1 0
github.com/auth-platform/platform/resilience-service/internal/policy/engine.go:97.2,100.9 2 0
github.com/auth-platform/platform/resilience-service/internal/policy/engine.go:101.83,101.83 0 0
github.com/auth-platform/platform/resilience-service/internal/policy/engine.go:102.10,102.10 0 0
github.com/auth-platform/platform/resilience-service/internal/policy/engine.go:105.2,105.12 1 0
github.com/auth-platform/platform/resilience-service/internal/policy/engine.go:109.69,114.31 4 0
github.com/auth-platform/platform/resilience-service/internal/policy/engine.go:114.31,116.3 1 0
github.com/auth-platform/platform/resilience-service/internal/policy/engine.go:118.2,118.20 1 0
github.com/auth-platform/platform/resilience-service/internal/policy/engine.go:122.64,123.57 1 0
github.com/auth-platform/platform/resilience-service/internal/policy/engine.go:123.57,126.32 3 0
github.com/auth-platform/platform/resilience-service/internal/policy/engine.go:126.32,127.17 1 0
github.com/auth-platform/platform/resilience-service/internal/policy/engine.go:127.17,129.5 1 0
github.com/auth-platform/platform/resilience-service/internal/policy/engine.go:135.88,137.2 1 0
github.com/auth-platform/platform/resilience-service/internal/policy/engine.go:140.66,141.23 1 0
github.com/auth-platform/platform/resilience-service/internal/policy/engine.go:141.23,143.3 1 0
github.com/auth-platform/platform/resilience-service/internal/policy/engine.go:145.2,145.34 1 0
github.com/auth-platform/platform/resilience-service/internal/policy/engine.go:145.34,146.58 1 0
github.com/auth-platform/platform/resilience-service/internal/policy/engine.go:146.58,148.4 1 0
github.com/auth-platform/platform/resilience-service/internal/policy/engine.go:151.2,151.25 1 0
github.com/auth-platform/platform/resilience-service/internal/policy/engine.go:151.25,152.49 1 0
github.com/auth-platform/platform/resilience-service/internal/policy/engine.go:152.49,154.4 1 0
github.com/auth-platform/platform/resilience-service/internal/policy/engine.go:157.2,157.27 1 0
github.com/auth-platform/platform/resilience-service/internal/policy/engine.go:157.27,158.51 1 0
github.com/auth-platform/platform/resilience-service/internal/policy/engine.go:158.51,160.4 1 0
github.com/auth-platform/platform/resilience-service/internal/policy/engine.go:163.2,163.29 1 0
github.com/auth-platform/platform/resilience-service/internal/policy/engine.go:163.29,164.53 1 0
github.com/auth-platform/platform/resilience-service/internal/policy/engine.go:164.53,166.4 1 0
github.com/auth-platform/platform/resilience-service/internal/policy/engine.go:169.2,169.28 1 0
github.com/auth-platform/platform/resilience-service/internal/policy/engine.go:169.28,170.52 1 0
github.com/auth-platform/platform/resilience-service/internal/policy/engine.go:170.52,172.4 1 0
github.com/auth-platform/platform/resilience-service/internal/policy/engine.go:175.2,175.12 1 0
github.com/auth-platform/platform/resilience-service/internal/policy/engine.go:179.60,180.24 1 0
github.com/auth-platform/platform/resilience-service/internal/policy/engine.go:180.24,182.3 1 0
github.com/auth-platform/platform/resilience-service/internal/policy/engine.go:185.2,185.41 1 0
github.com/auth-platform/platform/resilience-service/internal/policy/engine.go:185.41,187.3 1 0
github.com/auth-platform/platform/resilience-service/internal/policy/engine.go:190.2,192.12 2 0
github.com/auth-platform/platform/resilience-service/internal/policy/engine.go:196.25,198.2 1 0
github.com/auth-platform/platform/resilience-service/internal/policy/engine.go:200.49,206.6 4 0
github.com/auth-platform/platform/resilience-service/internal/policy/engine.go:206.6,207.10 1 0
github.com/auth-platform/platform/resilience-service/internal/policy/engine.go:208.21,209.10 1 0
github.com/auth-platform/platform/resilience-service/internal/policy/engine.go:210.19,211.10 1 0
github.com/auth-platform/platform/resilience-service/internal/policy/engine.go:212.19,214.18 2 0
github.com/auth-platform/platform/resilience-service/internal/policy/engine.go:214.18,215.13 1 0
github.com/auth-platform/platform/resilience-service/internal/policy/engine.go:218.4,218.41 1 0
github.com/auth-platform/platform/resilience-service/internal/policy/engine.go:218.41,219.44 1 0
github.com/auth-platform/platform/resilience-service/internal/policy/engine.go:219.44,221.6 1 0
github.com/auth-platform/platform/resilience-service/internal/policy/engine.go:227.39,229.16 2 0
github.com/auth-platform/platform/resilience-service/internal/policy/engine.go:229.16,231.3 1 0
github.com/auth-platform/platform/resilience-service/internal/policy/engine.go:233.2,236.13 3 0
github.com/auth-platform/platform/resilience-service/internal/policy/engine.go:237.23,238.57 1 0
github.com/auth-platform/platform/resilience-service/internal/policy/engine.go:238.57,240.4 1 0
github.com/auth-platform/platform/resilience-service/internal/policy/engine.go:241.15,242.57 1 0
github.com/auth-platform/platform/resilience-service/internal/policy/engine.go:242.57,244.4 1 0
github.com/auth-platform/platform/resilience-service/internal/policy/engine.go:245.10,246.58 1 0
github.com/auth-platform/platform/resilience-service/internal/policy/engine.go:249.2,249.29 1 0
github.com/auth-platform/platform/resilience-service/internal/policy/engine.go:249.29,250.43 1 0
github.com/auth-platform/platform/resilience-service/internal/policy/engine.go:250.43,252.4 1 0
github.com/auth-platform/platform/resilience-service/internal/policy/engine.go:255.2,255.12 1 0
github.com/auth-platform/platform/resilience-service/internal/policy/serialization.go:12.69,14.2 1 0
github.com/auth-platform/platform/resilience-service/internal/policy/serialization.go:17.69,19.54 2 0
github.com/auth-platform/platform/resilience-service/internal/policy/serialization.go:19.54,21.3 1 0
github.com/auth-platform/platform/resilience-service/internal/policy/serialization.go:22.2,22.21 1 0
github.com/auth-platform/platform/resilience-service/internal/policy/serialization.go:26.58,32.34 4 0
github.com/auth-platform/platform/resilience-service/internal/policy/serialization.go:32.34,38.3 5 0
github.com/auth-platform/platform/resilience-service/internal/policy/serialization.go:40.2,40.25 1 0
github.com/auth-platform/platform/resilience-service/internal/policy/serialization.go:40.25,48.3 7 0
github.com/auth-platform/platform/resilience-service/internal/policy/serialization.go:50.2,50.27 1 0
github.com/auth-platform/platform/resilience-service/internal/policy/serialization.go:50.27,53.29 3 0
github.com/auth-platform/platform/resilience-service/internal/policy/serialization.go:53.29,55.4 1 0
github.com/auth-platform/platform/resilience-service/internal/policy/serialization.go:56.3,56.23 1 0
github.com/auth-platform/platform/resilience-service/internal/policy/serialization.go:59.2,59.29 1 0
github.com/auth-platform/platform/resilience-service/internal/policy/serialization.go:59.29,66.3 6 0
github.com/auth-platform/platform/resilience-service/internal/policy/serialization.go:68.2,68.28 1 0
github.com/auth-platform/platform/resilience-service/internal/policy/serialization.go:68.28,73.3 4 0
github.com/auth-platform/platform/resilience-service/internal/policy/serialization.go:75.2,75.20 1 0
github.com/auth-platform/platform/resilience-service/internal/server/shutdown.go:21.72,26.2 1 0
github.com/auth-platform/platform/resilience-service/internal/server/shutdown.go:29.50,31.18 2 0
github.com/auth-platform/platform/resilience-service/internal/server/shutdown.go:31.18,34.3 2 0
github.com/auth-platform/platform/resilience-service/internal/server/shutdown.go:35.2,38.13 3 0
github.com/auth-platform/platform/resilience-service/internal/server/shutdown.go:42.46,44.2 1 0
github.com/auth-platform/platform/resilience-service/internal/server/shutdown.go:47.50,49.2 1 0
github.com/auth-platform/platform/resilience-service/internal/server/shutdown.go:52.64,67.6 9 0
github.com/auth-platform/platform/resilience-service/internal/server/shutdown.go:67.6,68.10 1 0
github.com/auth-platform/platform/resilience-service/internal/server/shutdown.go:69.21,70.20 1 0
github.com/auth-platform/platform/resilience-service/internal/server/shutdown.go:71.19,72.42 1 0
github.com/auth-platform/platform/resilience-service/internal/server/shutdown.go:72.42,74.5 1 0
github.com/auth-platform/platform/resilience-service/internal/server/shutdown.go:80.46,84.2 3 0
github.com/auth-platform/platform/resilience-service/internal/server/shutdown.go:87.57,89.2 1 0
github.com/auth-platform/platform/resilience-service/internal/bulkhead/bulkhead.go:42.32,53.2 1 0
github.com/auth-platform/platform/resilience-service/internal/bulkhead/bulkhead.go:56.55,58.9 1 0
github.com/auth-platform/platform/resilience-service/internal/bulkhead/bulkhead.go:59.33,61.13 2 0
github.com/auth-platform/platform/resilience-service/internal/bulkhead/bulkhead.go:62.10,62.10 0 0
github.com/auth-platform/platform/resilience-service/internal/bulkhead/bulkhead.go:66.2,66.9 1 0
github.com/auth-platform/platform/resilience-service/internal/bulkhead/bulkhead.go:67.29,68.37 1 0
github.com/auth-platform/platform/resilience-service/internal/bulkhead/bulkhead.go:69.10,73.45 3 0
github.com/auth-platform/platform/resilience-service/internal/bulkhead/bulkhead.go:77.2,77.15 1 0
github.com/auth-platform/platform/resilience-service/internal/bulkhead/bulkhead.go:77.15,80.3 2 0
github.com/auth-platform/platform/resilience-service/internal/bulkhead/bulkhead.go:83.2,85.24 3 0
github.com/auth-platform/platform/resilience-service/internal/bulkhead/bulkhead.go:85.24,88.3 2 0
github.com/auth-platform/platform/resilience-service/internal/bulkhead/bulkhead.go:90.2,90.9 1 0
github.com/auth-platform/platform/resilience-service/internal/bulkhead/bulkhead.go:91.33,93.13 2 0
github.com/auth-platform/platform/resilience-service/internal/bulkhead/bulkhead.go:94.24,97.45 3 0
github.com/auth-platform/platform/resilience-service/internal/bulkhead/bulkhead.go:102.30,103.9 1 0
github.com/auth-platform/platform/resilience-service/internal/bulkhead/bulkhead.go:104.21,105.38 1 0
github.com/auth-platform/platform/resilience-service/internal/bulkhead/bulkhead.go:106.10,106.10 0 0
github.com/auth-platform/platform/resilience-service/internal/bulkhead/bulkhead.go:112.56,118.2 1 0
github.com/auth-platform/platform/resilience-service/internal/bulkhead/bulkhead.go:121.41,139.2 3 0
github.com/auth-platform/platform/resilience-service/internal/bulkhead/bulkhead.go:150.82,156.2 1 0
github.com/auth-platform/platform/resilience-service/internal/bulkhead/bulkhead.go:159.65,161.42 2 0
github.com/auth-platform/platform/resilience-service/internal/bulkhead/bulkhead.go:161.42,164.3 2 0
github.com/auth-platform/platform/resilience-service/internal/bulkhead/bulkhead.go:165.2,172.42 4 0
github.com/auth-platform/platform/resilience-service/internal/bulkhead/bulkhead.go:172.42,174.3 1 0
github.com/auth-platform/platform/resilience-service/internal/bulkhead/bulkhead.go:176.2,185.10 3 0
github.com/auth-platform/platform/resilience-service/internal/bulkhead/bulkhead.go:189.69,194.36 4 0
github.com/auth-platform/platform/resilience-service/internal/bulkhead/bulkhead.go:194.36,196.3 1 0
github.com/auth-platform/platform/resilience-service/internal/bulkhead/bulkhead.go:197.2,197.15 1 0
github.com/auth-platform/platform/resilience-service/internal/bulkhead/bulkhead.go:201.74,202.63 1 0
github.com/auth-platform/platform/resilience-service/internal/bulkhead/bulkhead.go:202.63,205.37 3 0
github.com/auth-platform/platform/resilience-service/internal/bulkhead/bulkhead.go:205.37,206.36 1 0
github.com/auth-platform/platform/resilience-service/internal/bulkhead/bulkhead.go:206.36,208.5 1 0
github.com/auth-platform/platform/resilience-service/internal/circuitbreaker/breaker.go:37.31,46.2 1 0
github.com/auth-platform/platform/resilience-service/internal/circuitbreaker/breaker.go:49.78,50.23 1 0
github.com/auth-platform/platform/resilience-service/internal/circuitbreaker/breaker.go:50.23,52.3 1 0
github.com/auth-platform/platform/resilience-service/internal/circuitbreaker/breaker.go:54.2,55.16 2 0
github.com/auth-platform/platform/resilience-service/internal/circuitbreaker/breaker.go:55.16,58.3 2 0
github.com/auth-platform/platform/resilience-service/internal/circuitbreaker/breaker.go:60.2,61.12 2 0
github.com/auth-platform/platform/resilience-service/internal/circuitbreaker/breaker.go:65.39,69.17 3 0
github.com/auth-platform/platform/resilience-service/internal/circuitbreaker/breaker.go:70.26,71.14 1 0
github.com/auth-platform/platform/resilience-service/internal/circuitbreaker/breaker.go:73.24,74.49 1 0
github.com/auth-platform/platform/resilience-service/internal/circuitbreaker/breaker.go:74.49,77.4 2 0
github.com/auth-platform/platform/resilience-service/internal/circuitbreaker/breaker.go:78.3,78.15 1 0
github.com/auth-platform/platform/resilience-service/internal/circuitbreaker/breaker.go:80.28,81.14 1 0
github.com/auth-platform/platform/resilience-service/internal/circuitbreaker/breaker.go:83.10,84.15 1 0
github.com/auth-platform/platform/resilience-service/internal/circuitbreaker/breaker.go:89.50,93.2 3 0
github.com/auth-platform/platform/resilience-service/internal/circuitbreaker/breaker.go:96.61,109.2 3 0
github.com/auth-platform/platform/resilience-service/internal/circuitbreaker/breaker.go:112.35,116.17 3 0
github.com/auth-platform/platform/resilience-service/internal/circuitbreaker/breaker.go:117.26,118.21 1 0
github.com/auth-platform/platform/resilience-service/internal/circuitbreaker/breaker.go:120.28,122.50 2 0
github.com/auth-platform/platform/resilience-service/internal/circuitbreaker/breaker.go:122.50,124.4 1 0
github.com/auth-platform/platform/resilience-service/internal/circuitbreaker/breaker.go:129.35,136.17 5 0
github.com/auth-platform/platform/resilience-service/internal/circuitbreaker/breaker.go:137.26,139.50 2 0
github.com/auth-platform/platform/resilience-service/internal/circuitbreaker/breaker.go:139.50,141.4 1 0
github.com/auth-platform/platform/resilience-service/internal/circuitbreaker/breaker.go:143.28,144.35 1 0
github.com/auth-platform/platform/resilience-service/internal/circuitbreaker/breaker.go:149.27,156.2 5 0
github.com/auth-platform/platform/resilience-service/internal/circuitbreaker/breaker.go:159.62,160.25 1 0
github.com/auth-platform/platform/resilience-service/internal/circuitbreaker/breaker.go:160.25,162.3 1 0
github.com/auth-platform/platform/resilience-service/internal/circuitbreaker/breaker.go:164.2,169.34 5 0
github.com/auth-platform/platform/resilience-service/internal/circuitbreaker/breaker.go:169.34,171.3 1 0
github.com/auth-platform/platform/resilience-service/internal/circuitbreaker/breaker.go:173.2,173.36 1 0
github.com/auth-platform/platform/resilience-service/internal/circuitbreaker/breaker.go:173.36,176.3 2 0
github.com/auth-platform/platform/resilience-service/internal/circuitbreaker/breaker.go:178.2,178.38 1 0
github.com/auth-platform/platform/resilience-service/internal/circuitbreaker/breaker.go:178.38,180.3 1 0
github.com/auth-platform/platform/resilience-service/internal/circuitbreaker/breaker.go:182.2,182.45 1 0
github.com/auth-platform/platform/resilience-service/internal/circuitbreaker/breaker.go:186.81,202.2 2 0
github.com/auth-platform/platform/resilience-service/internal/circuitbreaker/emitter.go:17.46,22.2 1 0
github.com/auth-platform/platform/resilience-service/internal/circuitbreaker/emitter.go:25.63,29.2 3 0
github.com/auth-platform/platform/resilience-service/internal/circuitbreaker/emitter.go:32.63,36.2 3 0
github.com/auth-platform/platform/resilience-service/internal/circuitbreaker/emitter.go:39.65,45.2 5 0
github.com/auth-platform/platform/resilience-service/internal/circuitbreaker/emitter.go:48.65,54.2 5 0
github.com/auth-platform/platform/resilience-service/internal/circuitbreaker/emitter.go:57.36,62.2 4 0
github.com/auth-platform/platform/resilience-service/internal/circuitbreaker/emitter.go:65.76,70.29 4 0
github.com/auth-platform/platform/resilience-service/internal/circuitbreaker/emitter.go:70.29,71.47 1 0
github.com/auth-platform/platform/resilience-service/internal/circuitbreaker/emitter.go:71.47,73.4 1 0
github.com/auth-platform/platform/resilience-service/internal/circuitbreaker/emitter.go:75.2,75.15 1 0
github.com/auth-platform/platform/resilience-service/internal/circuitbreaker/serialization.go:22.65,32.30 2 0
github.com/auth-platform/platform/resilience-service/internal/circuitbreaker/serialization.go:32.30,35.3 2 0
github.com/auth-platform/platform/resilience-service/internal/circuitbreaker/serialization.go:37.2,37.25 1 0
github.com/auth-platform/platform/resilience-service/internal/circuitbreaker/serialization.go:41.70,43.50 2 0
github.com/auth-platform/platform/resilience-service/internal/circuitbreaker/serialization.go:43.50,45.3 1 0
github.com/auth-platform/platform/resilience-service/internal/circuitbreaker/serialization.go:47.2,48.16 2 0
github.com/auth-platform/platform/resilience-service/internal/circuitbreaker/serialization.go:48.16,50.3 1 0
github.com/auth-platform/platform/resilience-service/internal/circuitbreaker/serialization.go:52.2,53.16 2 0
github.com/auth-platform/platform/resilience-service/internal/circuitbreaker/serialization.go:53.16,55.3 1 0
github.com/auth-platform/platform/resilience-service/internal/circuitbreaker/serialization.go:57.2,66.31 2 0
github.com/auth-platform/platform/resilience-service/internal/circuitbreaker/serialization.go:66.31,68.17 2 0
github.com/auth-platform/platform/resilience-service/internal/circuitbreaker/serialization.go:68.17,70.4 1 0
github.com/auth-platform/platform/resilience-service/internal/circuitbreaker/serialization.go:71.3,71.30 1 0
github.com/auth-platform/platform/resilience-service/internal/circuitbreaker/serialization.go:74.2,74.20 1 0
github.com/auth-platform/platform/resilience-service/internal/circuitbreaker/serialization.go:78.63,79.11 1 0
github.com/auth-platform/platform/resilience-service/internal/circuitbreaker/serialization.go:80.16,81.33 1 0
github.com/auth-platform/platform/resilience-service/internal/circuitbreaker/serialization.go:82.14,83.31 1 0
github.com/auth-platform/platform/resilience-service/internal/circuitbreaker/serialization.go:84.19,85.35 1 0
github.com/auth-platform/platform/resilience-service/internal/circuitbreaker/serialization.go:86.10,87.55 1 0
github.com/auth-platform/platform/resilience-service/internal/domain/bulkhead.go:16.43,17.26 1 0
github.com/auth-platform/platform/resilience-service/internal/domain/bulkhead.go:17.26,19.3 1 0
github.com/auth-platform/platform/resilience-service/internal/domain/bulkhead.go:20.2,20.20 1 0
github.com/auth-platform/platform/resilience-service/internal/domain/bulkhead.go:20.20,22.3 1 0
github.com/auth-platform/platform/resilience-service/internal/domain/bulkhead.go:23.2,23.12 1 0
github.com/auth-platform/platform/resilience-service/internal/domain/circuit_breaker.go:17.39,18.11 1 0
github.com/auth-platform/platform/resilience-service/internal/domain/circuit_breaker.go:19.19,20.18 1 0
github.com/auth-platform/platform/resilience-service/internal/domain/circuit_breaker.go:21.17,22.16 1 0
github.com/auth-platform/platform/resilience-service/internal/domain/circuit_breaker.go:23.21,24.21 1 0
github.com/auth-platform/platform/resilience-service/internal/domain/circuit_breaker.go:25.10,26.19 1 0
github.com/auth-platform/platform/resilience-service/internal/domain/circuit_breaker.go:39.49,40.29 1 0
github.com/auth-platform/platform/resilience-service/internal/domain/circuit_breaker.go:40.29,42.3 1 0
github.com/auth-platform/platform/resilience-service/internal/domain/circuit_breaker.go:43.2,43.29 1 0
github.com/auth-platform/platform/resilience-service/internal/domain/circuit_breaker.go:43.29,45.3 1 0
github.com/auth-platform/platform/resilience-service/internal/domain/circuit_breaker.go:46.2,46.20 1 0
github.com/auth-platform/platform/resilience-service/internal/domain/circuit_breaker.go:46.20,48.3 1 0
[...]
github.com/auth-platform/platform/resilience-service/internal/ratelimit/factory.go:12.26,18.10 1 1
github.com/auth-platform/platform/resilience-service/internal/ratelimit/factory.go:19.28,24.10 1 1
github.com/auth-platform/platform/resilience-service/internal/ratelimit/factory.go:25.10,26.76 1 1
github.com/auth-platform/platform/resilience-service/internal/ratelimit/sliding_window.go:28.63,35.2 1 1
github.com/auth-platform/platform/resilience-service/internal/ratelimit/sliding_window.go:38.99,51.33 6 1
github.com/auth-platform/platform/resilience-service/internal/ratelimit/sliding_window.go:51.33,55.3 3 1
github.com/auth-platform/platform/resilience-service/internal/ratelimit/sliding_window.go:55.8,59.3 3 0
github.com/auth-platform/platform/resilience-service/internal/ratelimit/sliding_window.go:61.2,61.22 1 1
github.com/auth-platform/platform/resilience-service/internal/ratelimit/sliding_window.go:65.103,77.2 5 0
github.com/auth-platform/platform/resilience-service/internal/ratelimit/sliding_window.go:80.58,85.32 3 1
github.com/auth-platform/platform/resilience-service/internal/ratelimit/sliding_window.go:85.32,86.27 1 1
github.com/auth-platform/platform/resilience-service/internal/ratelimit/sliding_window.go:86.27,88.9 2 1
github.com/auth-platform/platform/resilience-service/internal/ratelimit/sliding_window.go:90.3,90.21 1 1
github.com/auth-platform/platform/resilience-service/internal/ratelimit/sliding_window.go:94.2,94.20 1 1
github.com/auth-platform/platform/resilience-service/internal/ratelimit/sliding_window.go:94.20,96.3 1 1
github.com/auth-platform/platform/resilience-service/internal/ratelimit/sliding_window.go:100.70,101.27 1 1
github.com/auth-platform/platform/resilience-service/internal/ratelimit/sliding_window.go:101.27,103.3 1 1
github.com/auth-platform/platform/resilience-service/internal/ratelimit/sliding_window.go:106.2,106.38 1 1
github.com/auth-platform/platform/resilience-service/internal/ratelimit/sliding_window.go:110.75,111.27 1 0
github.com/auth-platform/platform/resilience-service/internal/ratelimit/sliding_window.go:111.27,113.3 1 0
github.com/auth-platform/platform/resilience-service/internal/ratelimit/sliding_window.go:116.2,117.29 2 0
github.com/auth-platform/platform/resilience-service/internal/ratelimit/sliding_window.go:117.29,119.3 1 0
github.com/auth-platform/platform/resilience-service/internal/ratelimit/sliding_window.go:121.2,121.10 1 0
github.com/auth-platform/platform/resilience-service/internal/ratelimit/sliding_window.go:125.92,139.2 2 0
github.com/auth-platform/platform/resilience-service/internal/ratelimit/sliding_window.go:142.48,147.2 4 1
github.com/auth-platform/platform/resilience-service/internal/ratelimit/sliding_window.go:150.52,157.2 6 0
github.com/auth-platform/platform/resilience-service/internal/ratelimit/token_bucket.go:31.57,42.2 2 1
github.com/auth-platform/platform/resilience-service/internal/ratelimit/token_bucket.go:45.97,57.20 5 1
github.com/auth-platform/platform/resilience-service/internal/ratelimit/token_bucket.go:57.20,61.3 3 1
github.com/auth-platform/platform/resilience-service/internal/ratelimit/token_bucket.go:61.8,65.3 3 1
github.com/auth-platform/platform/resilience-service/internal/ratelimit/token_bucket.go:67.2,67.22 1 1
github.com/auth-platform/platform/resilience-service/internal/ratelimit/token_bucket.go:71.101,82.2 4 1
github.com/auth-platform/platform/resilience-service/internal/ratelimit/token_bucket.go:85.33,93.29 4 1
github.com/auth-platform/platform/resilience-service/internal/ratelimit/token_bucket.go:93.29,95.3 1 1
github.com/auth-platform/platform/resilience-service/internal/ratelimit/token_bucket.go:97.2,97.21 1 1
github.com/auth-platform/platform/resilience-service/internal/ratelimit/token_bucket.go:101.55,102.30 1 1
github.com/auth-platform/platform/resilience-service/internal/ratelimit/token_bucket.go:102.30,104.3 1 1
github.com/auth-platform/platform/resilience-service/internal/ratelimit/token_bucket.go:106.2,109.76 3 1
github.com/auth-platform/platform/resilience-service/internal/ratelimit/token_bucket.go:113.60,114.20 1 1
github.com/auth-platform/platform/resilience-service/internal/ratelimit/token_bucket.go:114.20,116.3 1 0
github.com/auth-platform/platform/resilience-service/internal/ratelimit/token_bucket.go:118.2,121.60 3 1
github.com/auth-platform/platform/resilience-service/internal/ratelimit/token_bucket.go:125.90,139.2 2 1
github.com/auth-platform/platform/resilience-service/internal/ratelimit/token_bucket.go:142.48,147.2 4 1
github.com/auth-platform/platform/resilience-service/internal/ratelimit/token_bucket.go:150.46,152.2 1 1
github.com/auth-platform/platform/resilience-service/internal/retry/handler.go:31.31,39.2 1 1
github.com/auth-platform/platform/resilience-service/internal/retry/handler.go:42.78,45.62 2 1
github.com/auth-platform/platform/resilience-service/internal/retry/handler.go:45.62,46.23 1 1
github.com/auth-platform/platform/resilience-service/internal/retry/handler.go:46.23,48.4 1 0
github.com/auth-platform/platform/resilience-service/internal/retry/handler.go:50.3,51.17 2 1
github.com/auth-platform/platform/resilience-service/internal/retry/handler.go:51.17,53.4 1 0
github.com/auth-platform/platform/resilience-service/internal/retry/handler.go:55.3,58.39 2 1
github.com/auth-platform/platform/resilience-service/internal/retry/handler.go:58.39,62.11 3 1
github.com/auth-platform/platform/resilience-service/internal/retry/handler.go:63.22,64.21 1 0
github.com/auth-platform/platform/resilience-service/internal/retry/handler.go:65.29,65.29 0 1
github.com/auth-platform/platform/resilience-service/internal/retry/handler.go:70.2,70.84 1 1
github.com/auth-platform/platform/resilience-service/internal/retry/handler.go:74.122,76.39 1 1
github.com/auth-platform/platform/resilience-service/internal/retry/handler.go:76.39,78.3 1 1
github.com/auth-platform/platform/resilience-service/internal/retry/handler.go:80.2,82.62 2 0
github.com/auth-platform/platform/resilience-service/internal/retry/handler.go:82.62,83.23 1 0
github.com/auth-platform/platform/resilience-service/internal/retry/handler.go:83.23,85.4 1 0
github.com/auth-platform/platform/resilience-service/internal/retry/handler.go:88.3,88.40 1 0
github.com/auth-platform/platform/resilience-service/internal/retry/handler.go:88.40,90.4 1 0
github.com/auth-platform/platform/resilience-service/internal/retry/handler.go:92.3,93.17 2 0
github.com/auth-platform/platform/resilience-service/internal/retry/handler.go:93.17,96.4 2 0
github.com/auth-platform/platform/resilience-service/internal/retry/handler.go:98.3,102.40 3 0
github.com/auth-platform/platform/resilience-service/internal/retry/handler.go:102.40,104.4 1 0
github.com/auth-platform/platform/resilience-service/internal/retry/handler.go:107.3,107.39 1 0
github.com/auth-platform/platform/resilience-service/internal/retry/handler.go:107.39,111.11 3 0
github.com/auth-platform/platform/resilience-service/internal/retry/handler.go:112.22,113.21 1 0
github.com/auth-platform/platform/resilience-service/internal/retry/handler.go:114.29,114.29 0 0
github.com/auth-platform/platform/resilience-service/internal/retry/handler.go:119.2,119.84 1 0
github.com/auth-platform/platform/resilience-service/internal/retry/handler.go:123.61,128.44 2 1
github.com/auth-platform/platform/resilience-service/internal/retry/handler.go:128.44,130.3 1 1
github.com/auth-platform/platform/resilience-service/internal/retry/handler.go:133.2,139.20 4 1
github.com/auth-platform/platform/resilience-service/internal/retry/handler.go:139.20,141.3 1 0
github.com/auth-platform/platform/resilience-service/internal/retry/handler.go:143.2,143.34 1 1
github.com/auth-platform/platform/resilience-service/internal/retry/handler.go:147.79,163.2 2 1
github.com/auth-platform/platform/resilience-service/internal/retry/policy.go:28.41,30.2 1 0
github.com/auth-platform/platform/resilience-service/internal/retry/policy.go:33.60,35.51 2 1
github.com/auth-platform/platform/resilience-service/internal/retry/policy.go:35.51,37.3 1 0
github.com/auth-platform/platform/resilience-service/internal/retry/policy.go:39.2,39.44 1 1
github.com/auth-platform/platform/resilience-service/internal/retry/policy.go:39.44,41.3 1 0
github.com/auth-platform/platform/resilience-service/internal/retry/policy.go:43.2,50.8 1 1
github.com/auth-platform/platform/resilience-service/internal/retry/policy.go:54.49,55.25 1 1
github.com/auth-platform/platform/resilience-service/internal/retry/policy.go:55.25,57.3 1 1
github.com/auth-platform/platform/resilience-service/internal/retry/policy.go:58.2,58.26 1 1
github.com/auth-platform/platform/resilience-service/internal/retry/policy.go:58.26,60.3 1 1
github.com/auth-platform/platform/resilience-service/internal/retry/policy.go:62.2,62.26 1 1
github.com/auth-platform/platform/resilience-service/internal/retry/policy.go:62.26,64.3 1 0
github.com/auth-platform/platform/resilience-service/internal/retry/policy.go:65.2,65.29 1 1
github.com/auth-platform/platform/resilience-service/internal/retry/policy.go:65.29,67.3 1 0
github.com/auth-platform/platform/resilience-service/internal/retry/policy.go:69.2,69.26 1 1
github.com/auth-platform/platform/resilience-service/internal/retry/policy.go:69.26,71.3 1 0
github.com/auth-platform/platform/resilience-service/internal/retry/policy.go:72.2,72.29 1 1
github.com/auth-platform/platform/resilience-service/internal/retry/policy.go:72.29,74.3 1 0
github.com/auth-platform/platform/resilience-service/internal/retry/policy.go:76.2,76.39 1 1
github.com/auth-platform/platform/resilience-service/internal/retry/policy.go:76.39,78.3 1 0
github.com/auth-platform/platform/resilience-service/internal/retry/policy.go:80.2,80.26 1 1
github.com/auth-platform/platform/resilience-service/internal/retry/policy.go:80.26,82.3 1 1
github.com/auth-platform/platform/resilience-service/internal/retry/policy.go:83.2,83.26 1 1
github.com/auth-platform/platform/resilience-service/internal/retry/policy.go:83.26,85.3 1 1
github.com/auth-platform/platform/resilience-service/internal/retry/policy.go:87.2,87.27 1 1
github.com/auth-platform/platform/resilience-service/internal/retry/policy.go:87.27,89.3 1 0
github.com/auth-platform/platform/resilience-service/internal/retry/policy.go:90.2,90.29 1 1
github.com/auth-platform/platform/resilience-service/internal/retry/policy.go:90.29,92.3 1 0
github.com/auth-platform/platform/resilience-service/internal/retry/policy.go:94.2,94.12 1 1
github.com/auth-platform/platform/resilience-service/internal/retry/policy.go:98.61,109.2 2 1
github.com/auth-platform/platform/resilience-service/internal/retry/policy.go:112.50,122.34 8 0
github.com/auth-platform/platform/resilience-service/internal/retry/policy.go:122.34,124.3 1 0
github.com/auth-platform/platform/resilience-service/internal/retry/policy.go:126.2,126.20 1 0
github.com/auth-platform/platform/resilience-service/internal/retry/policy.go:130.61,139.2 1 0
github.com/auth-platform/platform/resilience-service/internal/retry/policy.go:142.63,151.2 1 1
github.com/auth-platform/platform/resilience-service/internal/server/shutdown.go:21.72,26.2 1 1
github.com/auth-platform/platform/resilience-service/internal/server/shutdown.go:29.50,31.18 2 1
github.com/auth-platform/platform/resilience-service/internal/server/shutdown.go:31.18,34.3 2 1
github.com/auth-platform/platform/resilience-service/internal/server/shutdown.go:35.2,38.13 3 1
github.com/auth-platform/platform/resilience-service/internal/server/shutdown.go:42.46,44.2 1 1
github.com/auth-platform/platform/resilience-service/internal/server/shutdown.go:47.50,49.2 1 1
github.com/auth-platform/platform/resilience-service/internal/server/shutdown.go:52.64,67.6 9 1
github.com/auth-platform/platform/resilience-service/internal/server/shutdown.go:67.6,68.10 1 1
github.com/auth-platform/platform/resilience-service/internal/server/shutdown.go:69.21,70.20 1 1
github.com/auth-platform/platform/resilience-service/internal/server/shutdown.go:71.19,72.42 1 1
github.com/auth-platform/platform/resilience-service/internal/server/shutdown.go:72.42,74.5 1 1
github.com/auth-platform/platform/resilience-service/internal/server/shutdown.go:80.46,84.2 3 0
github.com/auth-platform/platform/resilience-service/internal/server/shutdown.go:87.57,89.2 1 0
github.com/auth-platform/platform/resilience-service/internal/timeout/manager.go:28.31,30.26 2 1
github.com/auth-platform/platform/resilience-service/internal/timeout/manager.go:30.26,31.33 1 1
github.com/auth-platform/platform/resilience-service/internal/timeout/manager.go:31.33,31.46 1 0
github.com/auth-platform/platform/resilience-service/internal/timeout/manager.go:34.2,39.3 1 1
github.com/auth-platform/platform/resilience-service/internal/timeout/manager.go:43.108,51.12 5 1
github.com/auth-platform/platform/resilience-service/internal/timeout/manager.go:51.12,53.3 1 1
github.com/auth-platform/platform/resilience-service/internal/timeout/manager.go:55.2,55.9 1 1
github.com/auth-platform/platform/resilience-service/internal/timeout/manager.go:56.21,57.13 1 1
github.com/auth-platform/platform/resilience-service/internal/timeout/manager.go:58.20,60.56 2 1
github.com/auth-platform/platform/resilience-service/internal/timeout/manager.go:65.62,67.27 1 1
github.com/auth-platform/platform/resilience-service/internal/timeout/manager.go:67.27,68.51 1 1
github.com/auth-platform/platform/resilience-service/internal/timeout/manager.go:68.51,70.4 1 1
github.com/auth-platform/platform/resilience-service/internal/timeout/manager.go:74.2,74.25 1 1
github.com/auth-platform/platform/resilience-service/internal/timeout/manager.go:78.108,81.2 2 0
github.com/auth-platform/platform/resilience-service/internal/timeout/manager.go:84.77,85.27 1 1
github.com/auth-platform/platform/resilience-service/internal/timeout/manager.go:85.27,87.3 1 1
github.com/auth-platform/platform/resilience-service/internal/timeout/manager.go:89.2,101.28 2 0
github.com/auth-platform/platform/resilience-service/internal/timeout/manager.go:105.31,107.2 1 0
github.com/auth-platform/platform/resilience-service/internal/timeout/validation.go:24.41,26.2 1 0
github.com/auth-platform/platform/resilience-service/internal/timeout/validation.go:29.53,30.65 1 1
github.com/auth-platform/platform/resilience-service/internal/timeout/validation.go:30.65,32.3 1 1
github.com/auth-platform/platform/resilience-service/internal/timeout/validation.go:34.2,34.17 1 1
github.com/auth-platform/platform/resilience-service/internal/timeout/validation.go:34.17,35.58 1 0
github.com/auth-platform/platform/resilience-service/internal/timeout/validation.go:35.58,37.4 1 0
github.com/auth-platform/platform/resilience-service/internal/timeout/validation.go:40.2,40.37 1 1
github.com/auth-platform/platform/resilience-service/internal/timeout/validation.go:40.37,41.89 1 0
github.com/auth-platform/platform/resilience-service/internal/timeout/validation.go:41.89,43.4 1 0
github.com/auth-platform/platform/resilience-service/internal/timeout/validation.go:46.2,46.12 1 1
github.com/auth-platform/platform/resilience-service/internal/timeout/validation.go:50.60,51.12 1 1
github.com/auth-platform/platform/resilience-service/internal/timeout/validation.go:51.12,56.3 1 1
github.com/auth-platform/platform/resilience-service/internal/timeout/validation.go:58.2,58.20 1 1
github.com/auth-platform/platform/resilience-service/internal/timeout/validation.go:58.20,63.3 1 0
github.com/auth-platform/platform/resilience-service/internal/timeout/validation.go:65.2,65.20 1 1
github.com/auth-platform/platform/resilience-service/internal/timeout/validation.go:65.20,70.3 1 1
github.com/auth-platform/platform/resilience-service/internal/timeout/validation.go:72.2,72.12 1 1
github.com/auth-platform/platform/resilience-service/internal/timeout/validation.go:76.43,78.2 1 0
github.com/auth-platform/platform/resilience-service/tests/testutil/generators.go:13.35,14.64 1 0
github.com/auth-platform/platform/resilience-service/tests/testutil/generators.go:14.64,16.3 1 0
github.com/auth-platform/platform/resilience-service/tests/testutil/generators.go:20.43,26.61 1 1
github.com/auth-platform/platform/resilience-service/tests/testutil/generators.go:26.61,33.3 1 1
github.com/auth-platform/platform/resilience-service/tests/testutil/generators.go:37.42,39.50 1 0
github.com/auth-platform/platform/resilience-service/tests/testutil/generators.go:39.50,39.86 1 0
github.com/auth-platform/platform/resilience-service/tests/testutil/generators.go:44.60,54.3 2 0
github.com/auth-platform/platform/resilience-service/tests/testutil/generators.go:58.34,65.52 1 1
github.com/auth-platform/platform/resilience-service/tests/testutil/generators.go:65.52,73.3 1 1
github.com/auth-platform/platform/resilience-service/tests/testutil/generators.go:77.36,81.54 1 1
github.com/auth-platform/platform/resilience-service/tests/testutil/generators.go:81.54,86.3 1 1
github.com/auth-platform/platform/resilience-service/tests/testutil/generators.go:90.38,96.56 1 1
github.com/auth-platform/platform/resilience-service/tests/testutil/generators.go:96.56,103.3 1 1
github.com/auth-platform/platform/resilience-service/tests/testutil/generators.go:107.37,112.55 1 1
github.com/auth-platform/platform/resilience-service/tests/testutil/generators.go:112.55,118.3 1 1
github.com/auth-platform/platform/resilience-service/tests/testutil/generators.go:122.35,128.2 1 0
github.com/auth-platform/platform/resilience-service/tests/testutil/generators.go:131.39,133.50 1 1
github.com/auth-platform/platform/resilience-service/tests/testutil/generators.go:133.50,133.86 1 1
github.com/auth-platform/platform/resilience-service/tests/testutil/generators.go:140.57,155.3 6 1
github.com/auth-platform/platform/resilience-service/tests/testutil/generators.go:159.36,161.2 1 0
github.com/auth-platform/platform/resilience-service/tests/testutil/generators.go:164.34,165.56 1 0
github.com/auth-platform/platform/resilience-service/tests/testutil/generators.go:165.56,167.3 1 0
github.com/auth-platform/platform/resilience-service/tests/testutil/helpers.go:12.53,17.2 4 1
github.com/auth-platform/platform/resilience-service/tests/testutil/helpers.go:20.67,26.2 5 0
github.com/auth-platform/platform/resilience-service/tests/testutil/helpers.go:29.45,31.16 2 0
github.com/auth-platform/platform/resilience-service/tests/testutil/helpers.go:31.16,33.3 1 0
github.com/auth-platform/platform/resilience-service/tests/testutil/helpers.go:37.43,39.16 2 0
github.com/auth-platform/platform/resilience-service/tests/testutil/helpers.go:39.16,41.3 1 0
github.com/auth-platform/platform/resilience-service/tests/testutil/helpers.go:45.59,47.17 2 0
github.com/auth-platform/platform/resilience-service/tests/testutil/helpers.go:47.17,49.3 1 0
github.com/auth-platform/platform/resilience-service/tests/testutil/helpers.go:53.59,55.16 2 0
github.com/auth-platform/platform/resilience-service/tests/testutil/helpers.go:55.16,57.3 1 0
github.com/auth-platform/platform/resilience-service/tests/testutil/helpers.go:61.45,62.17 1 1
github.com/auth-platform/platform/resilience-service/tests/testutil/helpers.go:62.17,64.3 1 0
github.com/auth-platform/platform/resilience-service/tests/testutil/helpers.go:65.2,67.24 3 1
github.com/auth-platform/platform/resilience-service/tests/testutil/helpers.go:67.24,69.3 1 1
github.com/auth-platform/platform/resilience-service/tests/testutil/helpers.go:70.2,70.23 1 1
github.com/auth-platform/platform/resilience-service/tests/testutil/helpers.go:74.52,75.17 1 1
github.com/auth-platform/platform/resilience-service/tests/testutil/helpers.go:75.17,77.3 1 0
github.com/auth-platform/platform/resilience-service/tests/testutil/helpers.go:78.2,80.24 3 1
github.com/auth-platform/platform/resilience-service/tests/testutil/helpers.go:80.24,82.3 1 1
github.com/auth-platform/platform/resilience-service/tests/testutil/helpers.go:83.2,83.23 1 1
github.com/auth-platform/platform/resilience-service/tests/testutil/helpers.go:87.36,89.2 1 1
